{"C:\\Users\\orenk\\Desktop\\Netcraft\\projects\\tracker\\tracker\\src\\index.js": {"path":"C:\\Users\\orenk\\Desktop\\Netcraft\\projects\\tracker\\tracker\\src\\index.js","statementMap":{"0":{"start":{"line":9,"column":0},"end":{"line":14,"column":2}}},"fnMap":{},"branchMap":{},"s":{"0":0},"f":{},"b":{},"hash":"aaece3655b468406bbed5a432649d24704847eab"}
,"C:\\Users\\orenk\\Desktop\\Netcraft\\projects\\tracker\\tracker\\src\\serviceWorker.js": {"path":"C:\\Users\\orenk\\Desktop\\Netcraft\\projects\\tracker\\tracker\\src\\serviceWorker.js","statementMap":{"0":{"start":{"line":13,"column":20},"end":{"line":21,"column":1}},"1":{"start":{"line":24,"column":2},"end":{"line":54,"column":3}},"2":{"start":{"line":26,"column":22},"end":{"line":26,"column":75}},"3":{"start":{"line":27,"column":4},"end":{"line":32,"column":5}},"4":{"start":{"line":31,"column":6},"end":{"line":31,"column":13}},"5":{"start":{"line":34,"column":4},"end":{"line":53,"column":7}},"6":{"start":{"line":35,"column":20},"end":{"line":35,"column":65}},"7":{"start":{"line":37,"column":6},"end":{"line":52,"column":7}},"8":{"start":{"line":39,"column":8},"end":{"line":39,"column":47}},"9":{"start":{"line":43,"column":8},"end":{"line":48,"column":11}},"10":{"start":{"line":44,"column":10},"end":{"line":47,"column":12}},"11":{"start":{"line":51,"column":8},"end":{"line":51,"column":39}},"12":{"start":{"line":58,"column":2},"end":{"line":98,"column":7}},"13":{"start":{"line":61,"column":6},"end":{"line":94,"column":8}},"14":{"start":{"line":62,"column":33},"end":{"line":62,"column":56}},"15":{"start":{"line":63,"column":8},"end":{"line":65,"column":9}},"16":{"start":{"line":64,"column":10},"end":{"line":64,"column":17}},"17":{"start":{"line":66,"column":8},"end":{"line":93,"column":10}},"18":{"start":{"line":67,"column":10},"end":{"line":92,"column":11}},"19":{"start":{"line":68,"column":12},"end":{"line":91,"column":13}},"20":{"start":{"line":72,"column":14},"end":{"line":75,"column":16}},"21":{"start":{"line":78,"column":14},"end":{"line":80,"column":15}},"22":{"start":{"line":79,"column":16},"end":{"line":79,"column":46}},"23":{"start":{"line":85,"column":14},"end":{"line":85,"column":64}},"24":{"start":{"line":88,"column":14},"end":{"line":90,"column":15}},"25":{"start":{"line":89,"column":16},"end":{"line":89,"column":47}},"26":{"start":{"line":97,"column":6},"end":{"line":97,"column":72}},"27":{"start":{"line":103,"column":2},"end":{"line":128,"column":7}},"28":{"start":{"line":108,"column":26},"end":{"line":108,"column":62}},"29":{"start":{"line":109,"column":6},"end":{"line":122,"column":7}},"30":{"start":{"line":114,"column":8},"end":{"line":118,"column":11}},"31":{"start":{"line":115,"column":10},"end":{"line":117,"column":13}},"32":{"start":{"line":116,"column":12},"end":{"line":116,"column":37}},"33":{"start":{"line":121,"column":8},"end":{"line":121,"column":39}},"34":{"start":{"line":125,"column":6},"end":{"line":127,"column":8}},"35":{"start":{"line":132,"column":2},"end":{"line":136,"column":3}},"36":{"start":{"line":133,"column":4},"end":{"line":135,"column":7}},"37":{"start":{"line":134,"column":6},"end":{"line":134,"column":32}}},"fnMap":{"0":{"name":"register","decl":{"start":{"line":23,"column":16},"end":{"line":23,"column":24}},"loc":{"start":{"line":23,"column":33},"end":{"line":55,"column":1}},"line":23},"1":{"name":"(anonymous_1)","decl":{"start":{"line":34,"column":36},"end":{"line":34,"column":37}},"loc":{"start":{"line":34,"column":42},"end":{"line":53,"column":5}},"line":34},"2":{"name":"(anonymous_2)","decl":{"start":{"line":43,"column":43},"end":{"line":43,"column":44}},"loc":{"start":{"line":43,"column":49},"end":{"line":48,"column":9}},"line":43},"3":{"name":"registerValidSW","decl":{"start":{"line":57,"column":9},"end":{"line":57,"column":24}},"loc":{"start":{"line":57,"column":40},"end":{"line":99,"column":1}},"line":57},"4":{"name":"(anonymous_4)","decl":{"start":{"line":60,"column":10},"end":{"line":60,"column":11}},"loc":{"start":{"line":60,"column":26},"end":{"line":95,"column":5}},"line":60},"5":{"name":"(anonymous_5)","decl":{"start":{"line":61,"column":35},"end":{"line":61,"column":36}},"loc":{"start":{"line":61,"column":41},"end":{"line":94,"column":7}},"line":61},"6":{"name":"(anonymous_6)","decl":{"start":{"line":66,"column":41},"end":{"line":66,"column":42}},"loc":{"start":{"line":66,"column":47},"end":{"line":93,"column":9}},"line":66},"7":{"name":"(anonymous_7)","decl":{"start":{"line":96,"column":11},"end":{"line":96,"column":12}},"loc":{"start":{"line":96,"column":20},"end":{"line":98,"column":5}},"line":96},"8":{"name":"checkValidServiceWorker","decl":{"start":{"line":101,"column":9},"end":{"line":101,"column":32}},"loc":{"start":{"line":101,"column":48},"end":{"line":129,"column":1}},"line":101},"9":{"name":"(anonymous_9)","decl":{"start":{"line":106,"column":10},"end":{"line":106,"column":11}},"loc":{"start":{"line":106,"column":22},"end":{"line":123,"column":5}},"line":106},"10":{"name":"(anonymous_10)","decl":{"start":{"line":114,"column":43},"end":{"line":114,"column":44}},"loc":{"start":{"line":114,"column":59},"end":{"line":118,"column":9}},"line":114},"11":{"name":"(anonymous_11)","decl":{"start":{"line":115,"column":41},"end":{"line":115,"column":42}},"loc":{"start":{"line":115,"column":47},"end":{"line":117,"column":11}},"line":115},"12":{"name":"(anonymous_12)","decl":{"start":{"line":124,"column":11},"end":{"line":124,"column":12}},"loc":{"start":{"line":124,"column":17},"end":{"line":128,"column":5}},"line":124},"13":{"name":"unregister","decl":{"start":{"line":131,"column":16},"end":{"line":131,"column":26}},"loc":{"start":{"line":131,"column":29},"end":{"line":137,"column":1}},"line":131},"14":{"name":"(anonymous_14)","decl":{"start":{"line":133,"column":39},"end":{"line":133,"column":40}},"loc":{"start":{"line":133,"column":55},"end":{"line":135,"column":5}},"line":133}},"branchMap":{"0":{"loc":{"start":{"line":14,"column":2},"end":{"line":20,"column":5}},"type":"binary-expr","locations":[{"start":{"line":14,"column":2},"end":{"line":14,"column":42}},{"start":{"line":16,"column":4},"end":{"line":16,"column":40}},{"start":{"line":18,"column":4},"end":{"line":20,"column":5}}],"line":14},"1":{"loc":{"start":{"line":24,"column":2},"end":{"line":54,"column":3}},"type":"if","locations":[{"start":{"line":24,"column":2},"end":{"line":54,"column":3}},{"start":{"line":24,"column":2},"end":{"line":54,"column":3}}],"line":24},"2":{"loc":{"start":{"line":24,"column":6},"end":{"line":24,"column":75}},"type":"binary-expr","locations":[{"start":{"line":24,"column":6},"end":{"line":24,"column":43}},{"start":{"line":24,"column":47},"end":{"line":24,"column":75}}],"line":24},"3":{"loc":{"start":{"line":27,"column":4},"end":{"line":32,"column":5}},"type":"if","locations":[{"start":{"line":27,"column":4},"end":{"line":32,"column":5}},{"start":{"line":27,"column":4},"end":{"line":32,"column":5}}],"line":27},"4":{"loc":{"start":{"line":37,"column":6},"end":{"line":52,"column":7}},"type":"if","locations":[{"start":{"line":37,"column":6},"end":{"line":52,"column":7}},{"start":{"line":37,"column":6},"end":{"line":52,"column":7}}],"line":37},"5":{"loc":{"start":{"line":63,"column":8},"end":{"line":65,"column":9}},"type":"if","locations":[{"start":{"line":63,"column":8},"end":{"line":65,"column":9}},{"start":{"line":63,"column":8},"end":{"line":65,"column":9}}],"line":63},"6":{"loc":{"start":{"line":67,"column":10},"end":{"line":92,"column":11}},"type":"if","locations":[{"start":{"line":67,"column":10},"end":{"line":92,"column":11}},{"start":{"line":67,"column":10},"end":{"line":92,"column":11}}],"line":67},"7":{"loc":{"start":{"line":68,"column":12},"end":{"line":91,"column":13}},"type":"if","locations":[{"start":{"line":68,"column":12},"end":{"line":91,"column":13}},{"start":{"line":68,"column":12},"end":{"line":91,"column":13}}],"line":68},"8":{"loc":{"start":{"line":78,"column":14},"end":{"line":80,"column":15}},"type":"if","locations":[{"start":{"line":78,"column":14},"end":{"line":80,"column":15}},{"start":{"line":78,"column":14},"end":{"line":80,"column":15}}],"line":78},"9":{"loc":{"start":{"line":78,"column":18},"end":{"line":78,"column":43}},"type":"binary-expr","locations":[{"start":{"line":78,"column":18},"end":{"line":78,"column":24}},{"start":{"line":78,"column":28},"end":{"line":78,"column":43}}],"line":78},"10":{"loc":{"start":{"line":88,"column":14},"end":{"line":90,"column":15}},"type":"if","locations":[{"start":{"line":88,"column":14},"end":{"line":90,"column":15}},{"start":{"line":88,"column":14},"end":{"line":90,"column":15}}],"line":88},"11":{"loc":{"start":{"line":88,"column":18},"end":{"line":88,"column":44}},"type":"binary-expr","locations":[{"start":{"line":88,"column":18},"end":{"line":88,"column":24}},{"start":{"line":88,"column":28},"end":{"line":88,"column":44}}],"line":88},"12":{"loc":{"start":{"line":109,"column":6},"end":{"line":122,"column":7}},"type":"if","locations":[{"start":{"line":109,"column":6},"end":{"line":122,"column":7}},{"start":{"line":109,"column":6},"end":{"line":122,"column":7}}],"line":109},"13":{"loc":{"start":{"line":110,"column":8},"end":{"line":111,"column":73}},"type":"binary-expr","locations":[{"start":{"line":110,"column":8},"end":{"line":110,"column":31}},{"start":{"line":111,"column":9},"end":{"line":111,"column":28}},{"start":{"line":111,"column":32},"end":{"line":111,"column":72}}],"line":110},"14":{"loc":{"start":{"line":132,"column":2},"end":{"line":136,"column":3}},"type":"if","locations":[{"start":{"line":132,"column":2},"end":{"line":136,"column":3}},{"start":{"line":132,"column":2},"end":{"line":136,"column":3}}],"line":132}},"s":{"0":0,"1":0,"2":0,"3":0,"4":0,"5":0,"6":0,"7":0,"8":0,"9":0,"10":0,"11":0,"12":0,"13":0,"14":0,"15":0,"16":0,"17":0,"18":0,"19":0,"20":0,"21":0,"22":0,"23":0,"24":0,"25":0,"26":0,"27":0,"28":0,"29":0,"30":0,"31":0,"32":0,"33":0,"34":0,"35":0,"36":0,"37":0},"f":{"0":0,"1":0,"2":0,"3":0,"4":0,"5":0,"6":0,"7":0,"8":0,"9":0,"10":0,"11":0,"12":0,"13":0,"14":0},"b":{"0":[0,0,0],"1":[0,0],"2":[0,0],"3":[0,0],"4":[0,0],"5":[0,0],"6":[0,0],"7":[0,0],"8":[0,0],"9":[0,0],"10":[0,0],"11":[0,0],"12":[0,0],"13":[0,0,0],"14":[0,0]},"hash":"9ddf3ba087c0db68900caa553d24c5518f017f52"}
,"C:\\Users\\orenk\\Desktop\\Netcraft\\projects\\tracker\\tracker\\src\\service\\services.js": {"path":"C:\\Users\\orenk\\Desktop\\Netcraft\\projects\\tracker\\tracker\\src\\service\\services.js","statementMap":{"0":{"start":{"line":1,"column":17},"end":{"line":69,"column":1}},"1":{"start":{"line":2,"column":16},"end":{"line":2,"column":18}},"2":{"start":{"line":6,"column":19},"end":{"line":12,"column":3}},"3":{"start":{"line":16,"column":14},"end":{"line":23,"column":3}},"4":{"start":{"line":27,"column":15},"end":{"line":33,"column":3}},"5":{"start":{"line":35,"column":2},"end":{"line":53,"column":3}},"6":{"start":{"line":37,"column":6},"end":{"line":37,"column":19}},"7":{"start":{"line":38,"column":6},"end":{"line":38,"column":12}},"8":{"start":{"line":40,"column":6},"end":{"line":40,"column":19}},"9":{"start":{"line":41,"column":6},"end":{"line":41,"column":12}},"10":{"start":{"line":43,"column":6},"end":{"line":43,"column":25}},"11":{"start":{"line":44,"column":6},"end":{"line":44,"column":12}},"12":{"start":{"line":46,"column":6},"end":{"line":46,"column":20}},"13":{"start":{"line":47,"column":6},"end":{"line":47,"column":12}},"14":{"start":{"line":49,"column":6},"end":{"line":49,"column":21}},"15":{"start":{"line":50,"column":6},"end":{"line":50,"column":12}},"16":{"start":{"line":52,"column":6},"end":{"line":52,"column":12}},"17":{"start":{"line":55,"column":15},"end":{"line":60,"column":3}},"18":{"start":{"line":62,"column":2},"end":{"line":62,"column":50}},"19":{"start":{"line":63,"column":17},"end":{"line":63,"column":54}},"20":{"start":{"line":64,"column":2},"end":{"line":66,"column":3}},"21":{"start":{"line":65,"column":4},"end":{"line":65,"column":68}},"22":{"start":{"line":67,"column":21},"end":{"line":67,"column":40}},"23":{"start":{"line":68,"column":2},"end":{"line":68,"column":20}}},"fnMap":{"0":{"name":"(anonymous_0)","decl":{"start":{"line":1,"column":17},"end":{"line":1,"column":18}},"loc":{"start":{"line":1,"column":76},"end":{"line":69,"column":1}},"line":1}},"branchMap":{"0":{"loc":{"start":{"line":35,"column":2},"end":{"line":53,"column":3}},"type":"switch","locations":[{"start":{"line":36,"column":4},"end":{"line":38,"column":12}},{"start":{"line":39,"column":4},"end":{"line":41,"column":12}},{"start":{"line":42,"column":4},"end":{"line":44,"column":12}},{"start":{"line":45,"column":4},"end":{"line":47,"column":12}},{"start":{"line":48,"column":4},"end":{"line":50,"column":12}},{"start":{"line":51,"column":4},"end":{"line":52,"column":12}}],"line":35},"1":{"loc":{"start":{"line":64,"column":2},"end":{"line":66,"column":3}},"type":"if","locations":[{"start":{"line":64,"column":2},"end":{"line":66,"column":3}},{"start":{"line":64,"column":2},"end":{"line":66,"column":3}}],"line":64},"2":{"loc":{"start":{"line":64,"column":6},"end":{"line":64,"column":56}},"type":"binary-expr","locations":[{"start":{"line":64,"column":6},"end":{"line":64,"column":29}},{"start":{"line":64,"column":33},"end":{"line":64,"column":56}}],"line":64}},"s":{"0":0,"1":0,"2":0,"3":0,"4":0,"5":0,"6":0,"7":0,"8":0,"9":0,"10":0,"11":0,"12":0,"13":0,"14":0,"15":0,"16":0,"17":0,"18":0,"19":0,"20":0,"21":0,"22":0,"23":0},"f":{"0":0},"b":{"0":[0,0,0,0,0,0],"1":[0,0],"2":[0,0]},"hash":"c325d35aaf6ccb27715ab5690b76a7537d834d39"}
,"C:\\Users\\orenk\\Desktop\\Netcraft\\projects\\tracker\\tracker\\src\\state\\actions\\filteredTasksAction.js": {"path":"C:\\Users\\orenk\\Desktop\\Netcraft\\projects\\tracker\\tracker\\src\\state\\actions\\filteredTasksAction.js","statementMap":{"0":{"start":{"line":1,"column":31},"end":{"line":1,"column":48}},"1":{"start":{"line":3,"column":37},"end":{"line":6,"column":2}},"2":{"start":{"line":3,"column":49},"end":{"line":6,"column":1}}},"fnMap":{"0":{"name":"(anonymous_0)","decl":{"start":{"line":3,"column":37},"end":{"line":3,"column":38}},"loc":{"start":{"line":3,"column":49},"end":{"line":6,"column":1}},"line":3}},"branchMap":{},"s":{"0":0,"1":0,"2":0},"f":{"0":0},"b":{},"hash":"22dc7269f79368e439ff2b3075cab82608a00d49"}
,"C:\\Users\\orenk\\Desktop\\Netcraft\\projects\\tracker\\tracker\\src\\state\\actions\\getUserAction.js": {"path":"C:\\Users\\orenk\\Desktop\\Netcraft\\projects\\tracker\\tracker\\src\\state\\actions\\getUserAction.js","statementMap":{"0":{"start":{"line":1,"column":23},"end":{"line":1,"column":32}},"1":{"start":{"line":3,"column":29},"end":{"line":3,"column":68}},"2":{"start":{"line":3,"column":41},"end":{"line":3,"column":67}}},"fnMap":{"0":{"name":"(anonymous_0)","decl":{"start":{"line":3,"column":29},"end":{"line":3,"column":30}},"loc":{"start":{"line":3,"column":41},"end":{"line":3,"column":67}},"line":3}},"branchMap":{},"s":{"0":0,"1":0,"2":0},"f":{"0":0},"b":{},"hash":"ddf01613fea357c3802fc21e47bdeb099dfd2f31"}
,"C:\\Users\\orenk\\Desktop\\Netcraft\\projects\\tracker\\tracker\\src\\state\\actions\\isLoggedAction.js": {"path":"C:\\Users\\orenk\\Desktop\\Netcraft\\projects\\tracker\\tracker\\src\\state\\actions\\isLoggedAction.js","statementMap":{"0":{"start":{"line":1,"column":24},"end":{"line":1,"column":34}},"1":{"start":{"line":3,"column":30},"end":{"line":3,"column":70}},"2":{"start":{"line":3,"column":42},"end":{"line":3,"column":69}}},"fnMap":{"0":{"name":"(anonymous_0)","decl":{"start":{"line":3,"column":30},"end":{"line":3,"column":31}},"loc":{"start":{"line":3,"column":42},"end":{"line":3,"column":69}},"line":3}},"branchMap":{},"s":{"0":0,"1":0,"2":0},"f":{"0":0},"b":{},"hash":"f3df454072cceaa05db0292932cb839ea833c162"}
,"C:\\Users\\orenk\\Desktop\\Netcraft\\projects\\tracker\\tracker\\src\\state\\actions\\markTabAction.js": {"path":"C:\\Users\\orenk\\Desktop\\Netcraft\\projects\\tracker\\tracker\\src\\state\\actions\\markTabAction.js","statementMap":{"0":{"start":{"line":1,"column":24},"end":{"line":1,"column":34}},"1":{"start":{"line":2,"column":28},"end":{"line":2,"column":42}},"2":{"start":{"line":3,"column":24},"end":{"line":3,"column":34}},"3":{"start":{"line":5,"column":24},"end":{"line":5,"column":50}},"4":{"start":{"line":5,"column":31},"end":{"line":5,"column":49}},"5":{"start":{"line":6,"column":28},"end":{"line":6,"column":58}},"6":{"start":{"line":6,"column":35},"end":{"line":6,"column":57}},"7":{"start":{"line":7,"column":24},"end":{"line":7,"column":50}},"8":{"start":{"line":7,"column":31},"end":{"line":7,"column":49}}},"fnMap":{"0":{"name":"(anonymous_0)","decl":{"start":{"line":5,"column":24},"end":{"line":5,"column":25}},"loc":{"start":{"line":5,"column":31},"end":{"line":5,"column":49}},"line":5},"1":{"name":"(anonymous_1)","decl":{"start":{"line":6,"column":28},"end":{"line":6,"column":29}},"loc":{"start":{"line":6,"column":35},"end":{"line":6,"column":57}},"line":6},"2":{"name":"(anonymous_2)","decl":{"start":{"line":7,"column":24},"end":{"line":7,"column":25}},"loc":{"start":{"line":7,"column":31},"end":{"line":7,"column":49}},"line":7}},"branchMap":{},"s":{"0":0,"1":0,"2":0,"3":0,"4":0,"5":0,"6":0,"7":0,"8":0},"f":{"0":0,"1":0,"2":0},"b":{},"hash":"0c44275f200f9deaa173e7754b5afb86062a3853"}
,"C:\\Users\\orenk\\Desktop\\Netcraft\\projects\\tracker\\tracker\\src\\state\\actions\\searchWindowAction.js": {"path":"C:\\Users\\orenk\\Desktop\\Netcraft\\projects\\tracker\\tracker\\src\\state\\actions\\searchWindowAction.js","statementMap":{"0":{"start":{"line":1,"column":28},"end":{"line":1,"column":42}},"1":{"start":{"line":3,"column":34},"end":{"line":6,"column":2}},"2":{"start":{"line":3,"column":46},"end":{"line":6,"column":1}}},"fnMap":{"0":{"name":"(anonymous_0)","decl":{"start":{"line":3,"column":34},"end":{"line":3,"column":35}},"loc":{"start":{"line":3,"column":46},"end":{"line":6,"column":1}},"line":3}},"branchMap":{},"s":{"0":0,"1":0,"2":0},"f":{"0":0},"b":{},"hash":"0b4e678202e4791497bc55e1f63ccbceb1fcacba"}
,"C:\\Users\\orenk\\Desktop\\Netcraft\\projects\\tracker\\tracker\\src\\state\\actions\\sortTasksAction.js": {"path":"C:\\Users\\orenk\\Desktop\\Netcraft\\projects\\tracker\\tracker\\src\\state\\actions\\sortTasksAction.js","statementMap":{"0":{"start":{"line":1,"column":28},"end":{"line":1,"column":42}},"1":{"start":{"line":3,"column":31},"end":{"line":6,"column":2}},"2":{"start":{"line":3,"column":43},"end":{"line":6,"column":1}}},"fnMap":{"0":{"name":"(anonymous_0)","decl":{"start":{"line":3,"column":31},"end":{"line":3,"column":32}},"loc":{"start":{"line":3,"column":43},"end":{"line":6,"column":1}},"line":3}},"branchMap":{},"s":{"0":0,"1":0,"2":0},"f":{"0":0},"b":{},"hash":"53ebc47d18f03ef3127694c1d8cb304d042f1471"}
,"C:\\Users\\orenk\\Desktop\\Netcraft\\projects\\tracker\\tracker\\src\\state\\actions\\toggleSortAction.js": {"path":"C:\\Users\\orenk\\Desktop\\Netcraft\\projects\\tracker\\tracker\\src\\state\\actions\\toggleSortAction.js","statementMap":{"0":{"start":{"line":1,"column":30},"end":{"line":1,"column":46}},"1":{"start":{"line":2,"column":29},"end":{"line":2,"column":44}},"2":{"start":{"line":4,"column":36},"end":{"line":4,"column":68}},"3":{"start":{"line":4,"column":43},"end":{"line":4,"column":67}},"4":{"start":{"line":5,"column":35},"end":{"line":5,"column":66}},"5":{"start":{"line":5,"column":42},"end":{"line":5,"column":65}}},"fnMap":{"0":{"name":"(anonymous_0)","decl":{"start":{"line":4,"column":36},"end":{"line":4,"column":37}},"loc":{"start":{"line":4,"column":43},"end":{"line":4,"column":67}},"line":4},"1":{"name":"(anonymous_1)","decl":{"start":{"line":5,"column":35},"end":{"line":5,"column":36}},"loc":{"start":{"line":5,"column":42},"end":{"line":5,"column":65}},"line":5}},"branchMap":{},"s":{"0":0,"1":0,"2":0,"3":0,"4":0,"5":0},"f":{"0":0,"1":0},"b":{},"hash":"b4cb597bb357c5119378a1ad9951e51330e4d555"}
,"C:\\Users\\orenk\\Desktop\\Netcraft\\projects\\tracker\\tracker\\src\\state\\actions\\toggleViewAction.js": {"path":"C:\\Users\\orenk\\Desktop\\Netcraft\\projects\\tracker\\tracker\\src\\state\\actions\\toggleViewAction.js","statementMap":{"0":{"start":{"line":1,"column":29},"end":{"line":1,"column":43}},"1":{"start":{"line":2,"column":28},"end":{"line":2,"column":41}},"2":{"start":{"line":4,"column":35},"end":{"line":4,"column":66}},"3":{"start":{"line":4,"column":42},"end":{"line":4,"column":65}},"4":{"start":{"line":5,"column":34},"end":{"line":5,"column":64}},"5":{"start":{"line":5,"column":41},"end":{"line":5,"column":63}}},"fnMap":{"0":{"name":"(anonymous_0)","decl":{"start":{"line":4,"column":35},"end":{"line":4,"column":36}},"loc":{"start":{"line":4,"column":42},"end":{"line":4,"column":65}},"line":4},"1":{"name":"(anonymous_1)","decl":{"start":{"line":5,"column":34},"end":{"line":5,"column":35}},"loc":{"start":{"line":5,"column":41},"end":{"line":5,"column":63}},"line":5}},"branchMap":{},"s":{"0":0,"1":0,"2":0,"3":0,"4":0,"5":0},"f":{"0":0,"1":0},"b":{},"hash":"99dc554febcbeffc1709ba2a65ca0559ad395d58"}
,"C:\\Users\\orenk\\Desktop\\Netcraft\\projects\\tracker\\tracker\\src\\state\\actions\\updateArraysAction.js": {"path":"C:\\Users\\orenk\\Desktop\\Netcraft\\projects\\tracker\\tracker\\src\\state\\actions\\updateArraysAction.js","statementMap":{"0":{"start":{"line":1,"column":28},"end":{"line":1,"column":42}},"1":{"start":{"line":3,"column":34},"end":{"line":3,"column":78}},"2":{"start":{"line":3,"column":46},"end":{"line":3,"column":77}}},"fnMap":{"0":{"name":"(anonymous_0)","decl":{"start":{"line":3,"column":34},"end":{"line":3,"column":35}},"loc":{"start":{"line":3,"column":46},"end":{"line":3,"column":77}},"line":3}},"branchMap":{},"s":{"0":0,"1":0,"2":0},"f":{"0":0},"b":{},"hash":"e37923c074213ba313f56a4527788f3018ad087f"}
,"C:\\Users\\orenk\\Desktop\\Netcraft\\projects\\tracker\\tracker\\src\\state\\reducers\\combineReducers.js": {"path":"C:\\Users\\orenk\\Desktop\\Netcraft\\projects\\tracker\\tracker\\src\\state\\reducers\\combineReducers.js","statementMap":{"0":{"start":{"line":12,"column":20},"end":{"line":21,"column":2}}},"fnMap":{},"branchMap":{},"s":{"0":0},"f":{},"b":{},"hash":"1a9dd909e177cfbc425c153c5dddfa722b330aaf"}
,"C:\\Users\\orenk\\Desktop\\Netcraft\\projects\\tracker\\tracker\\src\\state\\reducers\\filteredTasksReducer.js": {"path":"C:\\Users\\orenk\\Desktop\\Netcraft\\projects\\tracker\\tracker\\src\\state\\reducers\\filteredTasksReducer.js","statementMap":{"0":{"start":{"line":3,"column":31},"end":{"line":12,"column":1}},"1":{"start":{"line":4,"column":2},"end":{"line":11,"column":3}},"2":{"start":{"line":6,"column":6},"end":{"line":6,"column":33}},"3":{"start":{"line":7,"column":6},"end":{"line":7,"column":12}},"4":{"start":{"line":9,"column":6},"end":{"line":9,"column":19}},"5":{"start":{"line":10,"column":6},"end":{"line":10,"column":12}}},"fnMap":{"0":{"name":"(anonymous_0)","decl":{"start":{"line":3,"column":31},"end":{"line":3,"column":32}},"loc":{"start":{"line":3,"column":55},"end":{"line":12,"column":1}},"line":3}},"branchMap":{"0":{"loc":{"start":{"line":3,"column":32},"end":{"line":3,"column":42}},"type":"default-arg","locations":[{"start":{"line":3,"column":40},"end":{"line":3,"column":42}}],"line":3},"1":{"loc":{"start":{"line":4,"column":2},"end":{"line":11,"column":3}},"type":"switch","locations":[{"start":{"line":5,"column":4},"end":{"line":7,"column":12}},{"start":{"line":8,"column":4},"end":{"line":10,"column":12}}],"line":4}},"s":{"0":0,"1":0,"2":0,"3":0,"4":0,"5":0},"f":{"0":0},"b":{"0":[0],"1":[0,0]},"hash":"8801f4df5fa4ab2696da6b0b8994598331488061"}
,"C:\\Users\\orenk\\Desktop\\Netcraft\\projects\\tracker\\tracker\\src\\state\\reducers\\getUserReducer.js": {"path":"C:\\Users\\orenk\\Desktop\\Netcraft\\projects\\tracker\\tracker\\src\\state\\reducers\\getUserReducer.js","statementMap":{"0":{"start":{"line":3,"column":20},"end":{"line":11,"column":1}},"1":{"start":{"line":4,"column":2},"end":{"line":10,"column":3}},"2":{"start":{"line":6,"column":6},"end":{"line":6,"column":28}},"3":{"start":{"line":7,"column":6},"end":{"line":7,"column":12}},"4":{"start":{"line":9,"column":6},"end":{"line":9,"column":19}}},"fnMap":{"0":{"name":"(anonymous_0)","decl":{"start":{"line":3,"column":20},"end":{"line":3,"column":21}},"loc":{"start":{"line":3,"column":44},"end":{"line":11,"column":1}},"line":3}},"branchMap":{"0":{"loc":{"start":{"line":3,"column":21},"end":{"line":3,"column":31}},"type":"default-arg","locations":[{"start":{"line":3,"column":29},"end":{"line":3,"column":31}}],"line":3},"1":{"loc":{"start":{"line":4,"column":2},"end":{"line":10,"column":3}},"type":"switch","locations":[{"start":{"line":5,"column":4},"end":{"line":7,"column":12}},{"start":{"line":8,"column":4},"end":{"line":9,"column":19}}],"line":4}},"s":{"0":0,"1":0,"2":0,"3":0,"4":0},"f":{"0":0},"b":{"0":[0],"1":[0,0]},"hash":"e827f97c317f2ce24f3cfa000b06b0b3624d6d5c"}
,"C:\\Users\\orenk\\Desktop\\Netcraft\\projects\\tracker\\tracker\\src\\state\\reducers\\isLoggedReducer.js": {"path":"C:\\Users\\orenk\\Desktop\\Netcraft\\projects\\tracker\\tracker\\src\\state\\reducers\\isLoggedReducer.js","statementMap":{"0":{"start":{"line":3,"column":24},"end":{"line":12,"column":1}},"1":{"start":{"line":4,"column":2},"end":{"line":11,"column":3}},"2":{"start":{"line":6,"column":6},"end":{"line":7,"column":24}},"3":{"start":{"line":6,"column":37},"end":{"line":6,"column":49}},"4":{"start":{"line":7,"column":11},"end":{"line":7,"column":24}},"5":{"start":{"line":8,"column":6},"end":{"line":8,"column":12}},"6":{"start":{"line":10,"column":6},"end":{"line":10,"column":19}}},"fnMap":{"0":{"name":"(anonymous_0)","decl":{"start":{"line":3,"column":24},"end":{"line":3,"column":25}},"loc":{"start":{"line":3,"column":51},"end":{"line":12,"column":1}},"line":3}},"branchMap":{"0":{"loc":{"start":{"line":3,"column":25},"end":{"line":3,"column":38}},"type":"default-arg","locations":[{"start":{"line":3,"column":33},"end":{"line":3,"column":38}}],"line":3},"1":{"loc":{"start":{"line":4,"column":2},"end":{"line":11,"column":3}},"type":"switch","locations":[{"start":{"line":5,"column":4},"end":{"line":8,"column":12}},{"start":{"line":9,"column":4},"end":{"line":10,"column":19}}],"line":4},"2":{"loc":{"start":{"line":6,"column":6},"end":{"line":7,"column":24}},"type":"if","locations":[{"start":{"line":6,"column":6},"end":{"line":7,"column":24}},{"start":{"line":6,"column":6},"end":{"line":7,"column":24}}],"line":6}},"s":{"0":0,"1":0,"2":0,"3":0,"4":0,"5":0,"6":0},"f":{"0":0},"b":{"0":[0],"1":[0,0],"2":[0,0]},"hash":"015817f837568657939012a9c02e0ca2bb65c051"}
,"C:\\Users\\orenk\\Desktop\\Netcraft\\projects\\tracker\\tracker\\src\\state\\reducers\\markTabReducer.js": {"path":"C:\\Users\\orenk\\Desktop\\Netcraft\\projects\\tracker\\tracker\\src\\state\\reducers\\markTabReducer.js","statementMap":{"0":{"start":{"line":3,"column":23},"end":{"line":14,"column":1}},"1":{"start":{"line":4,"column":2},"end":{"line":13,"column":3}},"2":{"start":{"line":6,"column":6},"end":{"line":6,"column":30}},"3":{"start":{"line":8,"column":6},"end":{"line":8,"column":34}},"4":{"start":{"line":10,"column":6},"end":{"line":10,"column":30}},"5":{"start":{"line":12,"column":6},"end":{"line":12,"column":19}}},"fnMap":{"0":{"name":"(anonymous_0)","decl":{"start":{"line":3,"column":23},"end":{"line":3,"column":24}},"loc":{"start":{"line":3,"column":61},"end":{"line":14,"column":1}},"line":3}},"branchMap":{"0":{"loc":{"start":{"line":3,"column":24},"end":{"line":3,"column":48}},"type":"default-arg","locations":[{"start":{"line":3,"column":32},"end":{"line":3,"column":48}}],"line":3},"1":{"loc":{"start":{"line":4,"column":2},"end":{"line":13,"column":3}},"type":"switch","locations":[{"start":{"line":5,"column":4},"end":{"line":6,"column":30}},{"start":{"line":7,"column":4},"end":{"line":8,"column":34}},{"start":{"line":9,"column":4},"end":{"line":10,"column":30}},{"start":{"line":11,"column":4},"end":{"line":12,"column":19}}],"line":4}},"s":{"0":0,"1":0,"2":0,"3":0,"4":0,"5":0},"f":{"0":0},"b":{"0":[0],"1":[0,0,0,0]},"hash":"72980c2971c20d7fa8f7e8c6761537d59526cb35"}
,"C:\\Users\\orenk\\Desktop\\Netcraft\\projects\\tracker\\tracker\\src\\state\\reducers\\searchWindowReducer.js": {"path":"C:\\Users\\orenk\\Desktop\\Netcraft\\projects\\tracker\\tracker\\src\\state\\reducers\\searchWindowReducer.js","statementMap":{"0":{"start":{"line":3,"column":28},"end":{"line":11,"column":1}},"1":{"start":{"line":4,"column":2},"end":{"line":10,"column":3}},"2":{"start":{"line":6,"column":6},"end":{"line":6,"column":28}},"3":{"start":{"line":7,"column":6},"end":{"line":7,"column":12}},"4":{"start":{"line":9,"column":6},"end":{"line":9,"column":19}}},"fnMap":{"0":{"name":"(anonymous_0)","decl":{"start":{"line":3,"column":28},"end":{"line":3,"column":29}},"loc":{"start":{"line":3,"column":55},"end":{"line":11,"column":1}},"line":3}},"branchMap":{"0":{"loc":{"start":{"line":3,"column":29},"end":{"line":3,"column":42}},"type":"default-arg","locations":[{"start":{"line":3,"column":37},"end":{"line":3,"column":42}}],"line":3},"1":{"loc":{"start":{"line":4,"column":2},"end":{"line":10,"column":3}},"type":"switch","locations":[{"start":{"line":5,"column":4},"end":{"line":7,"column":12}},{"start":{"line":8,"column":4},"end":{"line":9,"column":19}}],"line":4}},"s":{"0":0,"1":0,"2":0,"3":0,"4":0},"f":{"0":0},"b":{"0":[0],"1":[0,0]},"hash":"437236df2f8bcd741161107f3eef04b962fbfaab"}
,"C:\\Users\\orenk\\Desktop\\Netcraft\\projects\\tracker\\tracker\\src\\state\\reducers\\toggleSortReducer.js": {"path":"C:\\Users\\orenk\\Desktop\\Netcraft\\projects\\tracker\\tracker\\src\\state\\reducers\\toggleSortReducer.js","statementMap":{"0":{"start":{"line":3,"column":26},"end":{"line":14,"column":1}},"1":{"start":{"line":4,"column":2},"end":{"line":13,"column":3}},"2":{"start":{"line":6,"column":6},"end":{"line":6,"column":18}},"3":{"start":{"line":7,"column":6},"end":{"line":7,"column":12}},"4":{"start":{"line":9,"column":6},"end":{"line":9,"column":19}},"5":{"start":{"line":10,"column":6},"end":{"line":10,"column":12}},"6":{"start":{"line":12,"column":6},"end":{"line":12,"column":19}}},"fnMap":{"0":{"name":"(anonymous_0)","decl":{"start":{"line":3,"column":26},"end":{"line":3,"column":27}},"loc":{"start":{"line":3,"column":52},"end":{"line":14,"column":1}},"line":3}},"branchMap":{"0":{"loc":{"start":{"line":3,"column":27},"end":{"line":3,"column":39}},"type":"default-arg","locations":[{"start":{"line":3,"column":35},"end":{"line":3,"column":39}}],"line":3},"1":{"loc":{"start":{"line":4,"column":2},"end":{"line":13,"column":3}},"type":"switch","locations":[{"start":{"line":5,"column":4},"end":{"line":7,"column":12}},{"start":{"line":8,"column":4},"end":{"line":10,"column":12}},{"start":{"line":11,"column":4},"end":{"line":12,"column":19}}],"line":4}},"s":{"0":0,"1":0,"2":0,"3":0,"4":0,"5":0,"6":0},"f":{"0":0},"b":{"0":[0],"1":[0,0,0]},"hash":"19c2f8a55aa9c44d393264bfbcc81c2fa5914472"}
,"C:\\Users\\orenk\\Desktop\\Netcraft\\projects\\tracker\\tracker\\src\\state\\reducers\\toggleViewReducer.js": {"path":"C:\\Users\\orenk\\Desktop\\Netcraft\\projects\\tracker\\tracker\\src\\state\\reducers\\toggleViewReducer.js","statementMap":{"0":{"start":{"line":3,"column":26},"end":{"line":14,"column":1}},"1":{"start":{"line":4,"column":2},"end":{"line":13,"column":3}},"2":{"start":{"line":6,"column":6},"end":{"line":6,"column":18}},"3":{"start":{"line":7,"column":6},"end":{"line":7,"column":12}},"4":{"start":{"line":9,"column":6},"end":{"line":9,"column":19}},"5":{"start":{"line":10,"column":6},"end":{"line":10,"column":12}},"6":{"start":{"line":12,"column":6},"end":{"line":12,"column":19}}},"fnMap":{"0":{"name":"(anonymous_0)","decl":{"start":{"line":3,"column":26},"end":{"line":3,"column":27}},"loc":{"start":{"line":3,"column":52},"end":{"line":14,"column":1}},"line":3}},"branchMap":{"0":{"loc":{"start":{"line":3,"column":27},"end":{"line":3,"column":39}},"type":"default-arg","locations":[{"start":{"line":3,"column":35},"end":{"line":3,"column":39}}],"line":3},"1":{"loc":{"start":{"line":4,"column":2},"end":{"line":13,"column":3}},"type":"switch","locations":[{"start":{"line":5,"column":4},"end":{"line":7,"column":12}},{"start":{"line":8,"column":4},"end":{"line":10,"column":12}},{"start":{"line":11,"column":4},"end":{"line":12,"column":19}}],"line":4}},"s":{"0":0,"1":0,"2":0,"3":0,"4":0,"5":0,"6":0},"f":{"0":0},"b":{"0":[0],"1":[0,0,0]},"hash":"8b01f3bbc847423f7bffa3eb81b81517a2b1f67a"}
,"C:\\Users\\orenk\\Desktop\\Netcraft\\projects\\tracker\\tracker\\src\\state\\reducers\\updateArraysReducer.js": {"path":"C:\\Users\\orenk\\Desktop\\Netcraft\\projects\\tracker\\tracker\\src\\state\\reducers\\updateArraysReducer.js","statementMap":{"0":{"start":{"line":3,"column":28},"end":{"line":13,"column":1}},"1":{"start":{"line":4,"column":2},"end":{"line":12,"column":3}},"2":{"start":{"line":6,"column":6},"end":{"line":6,"column":45}},"3":{"start":{"line":7,"column":6},"end":{"line":7,"column":12}},"4":{"start":{"line":10,"column":6},"end":{"line":10,"column":19}},"5":{"start":{"line":11,"column":6},"end":{"line":11,"column":12}}},"fnMap":{"0":{"name":"(anonymous_0)","decl":{"start":{"line":3,"column":28},"end":{"line":3,"column":29}},"loc":{"start":{"line":3,"column":52},"end":{"line":13,"column":1}},"line":3}},"branchMap":{"0":{"loc":{"start":{"line":3,"column":29},"end":{"line":3,"column":39}},"type":"default-arg","locations":[{"start":{"line":3,"column":37},"end":{"line":3,"column":39}}],"line":3},"1":{"loc":{"start":{"line":4,"column":2},"end":{"line":12,"column":3}},"type":"switch","locations":[{"start":{"line":5,"column":4},"end":{"line":7,"column":12}},{"start":{"line":9,"column":4},"end":{"line":11,"column":12}}],"line":4}},"s":{"0":0,"1":0,"2":0,"3":0,"4":0,"5":0},"f":{"0":0},"b":{"0":[0],"1":[0,0]},"hash":"fa53dc3c44b9db5ccc2dd706845b6dbc04d67945"}
,"C:\\Users\\orenk\\Desktop\\Netcraft\\projects\\tracker\\tracker\\src\\state\\store\\store.js": {"path":"C:\\Users\\orenk\\Desktop\\Netcraft\\projects\\tracker\\tracker\\src\\state\\store\\store.js","statementMap":{"0":{"start":{"line":4,"column":14},"end":{"line":7,"column":1}}},"fnMap":{},"branchMap":{"0":{"loc":{"start":{"line":6,"column":2},"end":{"line":6,"column":78}},"type":"binary-expr","locations":[{"start":{"line":6,"column":2},"end":{"line":6,"column":37}},{"start":{"line":6,"column":41},"end":{"line":6,"column":78}}],"line":6}},"s":{"0":0},"f":{},"b":{"0":[0,0]},"hash":"ad6ebeb57d7571fbaf82f17d6cd6a8921678bceb"}
,"C:\\Users\\orenk\\Desktop\\Netcraft\\projects\\tracker\\tracker\\src\\style\\colors.js": {"path":"C:\\Users\\orenk\\Desktop\\Netcraft\\projects\\tracker\\tracker\\src\\style\\colors.js","statementMap":{"0":{"start":{"line":1,"column":23},"end":{"line":1,"column":32}},"1":{"start":{"line":2,"column":25},"end":{"line":2,"column":34}},"2":{"start":{"line":3,"column":24},"end":{"line":3,"column":33}},"3":{"start":{"line":4,"column":28},"end":{"line":4,"column":37}},"4":{"start":{"line":5,"column":22},"end":{"line":5,"column":31}},"5":{"start":{"line":6,"column":27},"end":{"line":6,"column":36}},"6":{"start":{"line":7,"column":26},"end":{"line":7,"column":35}},"7":{"start":{"line":8,"column":26},"end":{"line":8,"column":35}},"8":{"start":{"line":9,"column":26},"end":{"line":9,"column":35}},"9":{"start":{"line":10,"column":27},"end":{"line":10,"column":36}},"10":{"start":{"line":11,"column":21},"end":{"line":11,"column":30}},"11":{"start":{"line":13,"column":25},"end":{"line":13,"column":77}},"12":{"start":{"line":14,"column":26},"end":{"line":14,"column":78}},"13":{"start":{"line":16,"column":2},"end":{"line":16,"column":54}},"14":{"start":{"line":18,"column":2},"end":{"line":18,"column":88}},"15":{"start":{"line":21,"column":2},"end":{"line":21,"column":81}},"16":{"start":{"line":23,"column":2},"end":{"line":23,"column":78}},"17":{"start":{"line":25,"column":2},"end":{"line":25,"column":78}},"18":{"start":{"line":27,"column":2},"end":{"line":27,"column":78}},"19":{"start":{"line":29,"column":2},"end":{"line":29,"column":78}},"20":{"start":{"line":32,"column":2},"end":{"line":32,"column":138}},"21":{"start":{"line":35,"column":2},"end":{"line":35,"column":138}},"22":{"start":{"line":38,"column":2},"end":{"line":38,"column":138}},"23":{"start":{"line":40,"column":2},"end":{"line":40,"column":138}},"24":{"start":{"line":42,"column":28},"end":{"line":45,"column":1}}},"fnMap":{},"branchMap":{},"s":{"0":0,"1":0,"2":0,"3":0,"4":0,"5":0,"6":0,"7":0,"8":0,"9":0,"10":0,"11":0,"12":0,"13":0,"14":0,"15":0,"16":0,"17":0,"18":0,"19":0,"20":0,"21":0,"22":0,"23":0,"24":0},"f":{},"b":{},"hash":"b153a83496d6750729c37993057946f380953a23"}
,"C:\\Users\\orenk\\Desktop\\Netcraft\\projects\\tracker\\tracker\\src\\style\\globalStyle.js": {"path":"C:\\Users\\orenk\\Desktop\\Netcraft\\projects\\tracker\\tracker\\src\\style\\globalStyle.js","statementMap":{"0":{"start":{"line":4,"column":20},"end":{"line":72,"column":1}}},"fnMap":{},"branchMap":{},"s":{"0":0},"f":{},"b":{},"hash":"0d950e7eef4fbc7c58b6d0bce11d60f82321da9c"}
,"C:\\Users\\orenk\\Desktop\\Netcraft\\projects\\tracker\\tracker\\src\\style\\mixins.js": {"path":"C:\\Users\\orenk\\Desktop\\Netcraft\\projects\\tracker\\tracker\\src\\style\\mixins.js","statementMap":{"0":{"start":{"line":1,"column":23},"end":{"line":6,"column":3}},"1":{"start":{"line":1,"column":79},"end":{"line":6,"column":3}},"2":{"start":{"line":8,"column":35},"end":{"line":13,"column":3}},"3":{"start":{"line":15,"column":27},"end":{"line":28,"column":3}}},"fnMap":{"0":{"name":"(anonymous_0)","decl":{"start":{"line":1,"column":23},"end":{"line":1,"column":24}},"loc":{"start":{"line":1,"column":79},"end":{"line":6,"column":3}},"line":1}},"branchMap":{"0":{"loc":{"start":{"line":1,"column":24},"end":{"line":1,"column":74}},"type":"default-arg","locations":[{"start":{"line":1,"column":72},"end":{"line":1,"column":74}}],"line":1},"1":{"loc":{"start":{"line":1,"column":26},"end":{"line":1,"column":37}},"type":"default-arg","locations":[{"start":{"line":1,"column":32},"end":{"line":1,"column":37}}],"line":1},"2":{"loc":{"start":{"line":1,"column":39},"end":{"line":1,"column":52}},"type":"default-arg","locations":[{"start":{"line":1,"column":44},"end":{"line":1,"column":52}}],"line":1},"3":{"loc":{"start":{"line":1,"column":54},"end":{"line":1,"column":67}},"type":"default-arg","locations":[{"start":{"line":1,"column":59},"end":{"line":1,"column":67}}],"line":1}},"s":{"0":0,"1":0,"2":0,"3":0},"f":{"0":0},"b":{"0":[0],"1":[0],"2":[0],"3":[0]},"hash":"bc37786474d3916a525fab766b7f74cd562797df"}
,"C:\\Users\\orenk\\Desktop\\Netcraft\\projects\\tracker\\tracker\\src\\view\\App.jsx": {"path":"C:\\Users\\orenk\\Desktop\\Netcraft\\projects\\tracker\\tracker\\src\\view\\App.jsx","statementMap":{"0":{"start":{"line":16,"column":19},"end":{"line":16,"column":62}},"1":{"start":{"line":16,"column":40},"end":{"line":16,"column":61}},"2":{"start":{"line":18,"column":2},"end":{"line":34,"column":4}},"3":{"start":{"line":39,"column":19},"end":{"line":43,"column":1}},"4":{"start":{"line":45,"column":16},"end":{"line":52,"column":1}}},"fnMap":{"0":{"name":"App","decl":{"start":{"line":15,"column":9},"end":{"line":15,"column":12}},"loc":{"start":{"line":15,"column":15},"end":{"line":35,"column":1}},"line":15},"1":{"name":"(anonymous_1)","decl":{"start":{"line":16,"column":31},"end":{"line":16,"column":32}},"loc":{"start":{"line":16,"column":40},"end":{"line":16,"column":61}},"line":16}},"branchMap":{"0":{"loc":{"start":{"line":27,"column":15},"end":{"line":27,"column":50}},"type":"cond-expr","locations":[{"start":{"line":27,"column":26},"end":{"line":27,"column":38}},{"start":{"line":27,"column":41},"end":{"line":27,"column":50}}],"line":27}},"s":{"0":0,"1":0,"2":0,"3":0,"4":0},"f":{"0":0,"1":0},"b":{"0":[0,0]},"hash":"e1c0f9e2398d88a55943a8dc9d0958e34ae2072c"}
,"C:\\Users\\orenk\\Desktop\\Netcraft\\projects\\tracker\\tracker\\src\\view\\Credits\\Credits.jsx": {"path":"C:\\Users\\orenk\\Desktop\\Netcraft\\projects\\tracker\\tracker\\src\\view\\Credits\\Credits.jsx","statementMap":{"0":{"start":{"line":12,"column":16},"end":{"line":90,"column":1}},"1":{"start":{"line":13,"column":16},"end":{"line":13,"column":28}},"2":{"start":{"line":15,"column":22},"end":{"line":40,"column":3}},"3":{"start":{"line":16,"column":4},"end":{"line":39,"column":6}},"4":{"start":{"line":42,"column":17},"end":{"line":48,"column":3}},"5":{"start":{"line":50,"column":15},"end":{"line":56,"column":3}},"6":{"start":{"line":58,"column":2},"end":{"line":89,"column":4}},"7":{"start":{"line":69,"column":43},"end":{"line":69,"column":69}},"8":{"start":{"line":94,"column":20},"end":{"line":107,"column":1}},"9":{"start":{"line":109,"column":22},"end":{"line":117,"column":1}},"10":{"start":{"line":119,"column":16},"end":{"line":123,"column":1}},"11":{"start":{"line":125,"column":17},"end":{"line":130,"column":1}},"12":{"start":{"line":132,"column":13},"end":{"line":140,"column":1}},"13":{"start":{"line":133,"column":40},"end":{"line":133,"column":58}},"14":{"start":{"line":142,"column":24},"end":{"line":142,"column":36}},"15":{"start":{"line":144,"column":18},"end":{"line":147,"column":1}},"16":{"start":{"line":149,"column":14},"end":{"line":159,"column":1}},"17":{"start":{"line":161,"column":17},"end":{"line":163,"column":1}},"18":{"start":{"line":165,"column":15},"end":{"line":178,"column":1}},"19":{"start":{"line":180,"column":17},"end":{"line":189,"column":1}},"20":{"start":{"line":191,"column":20},"end":{"line":211,"column":1}},"21":{"start":{"line":213,"column":19},"end":{"line":223,"column":1}},"22":{"start":{"line":225,"column":25},"end":{"line":242,"column":1}},"23":{"start":{"line":244,"column":21},"end":{"line":244,"column":33}},"24":{"start":{"line":246,"column":15},"end":{"line":249,"column":1}},"25":{"start":{"line":251,"column":17},"end":{"line":253,"column":1}},"26":{"start":{"line":255,"column":16},"end":{"line":265,"column":1}}},"fnMap":{"0":{"name":"(anonymous_0)","decl":{"start":{"line":12,"column":16},"end":{"line":12,"column":17}},"loc":{"start":{"line":12,"column":22},"end":{"line":90,"column":1}},"line":12},"1":{"name":"(anonymous_1)","decl":{"start":{"line":15,"column":22},"end":{"line":15,"column":23}},"loc":{"start":{"line":15,"column":68},"end":{"line":40,"column":3}},"line":15},"2":{"name":"(anonymous_2)","decl":{"start":{"line":69,"column":37},"end":{"line":69,"column":38}},"loc":{"start":{"line":69,"column":43},"end":{"line":69,"column":69}},"line":69},"3":{"name":"(anonymous_3)","decl":{"start":{"line":133,"column":22},"end":{"line":133,"column":23}},"loc":{"start":{"line":133,"column":40},"end":{"line":133,"column":58}},"line":133}},"branchMap":{},"s":{"0":0,"1":0,"2":0,"3":0,"4":0,"5":0,"6":0,"7":0,"8":0,"9":0,"10":0,"11":0,"12":0,"13":0,"14":0,"15":0,"16":0,"17":0,"18":0,"19":0,"20":0,"21":0,"22":0,"23":0,"24":0,"25":0,"26":0},"f":{"0":0,"1":0,"2":0,"3":0},"b":{},"hash":"97d3f0ac81057f447e0b0c678b27813e704e7fa9"}
,"C:\\Users\\orenk\\Desktop\\Netcraft\\projects\\tracker\\tracker\\src\\view\\Credits\\Techs.jsx": {"path":"C:\\Users\\orenk\\Desktop\\Netcraft\\projects\\tracker\\tracker\\src\\view\\Credits\\Techs.jsx","statementMap":{"0":{"start":{"line":16,"column":14},"end":{"line":40,"column":1}},"1":{"start":{"line":17,"column":16},"end":{"line":28,"column":3}},"2":{"start":{"line":30,"column":23},"end":{"line":33,"column":3}},"3":{"start":{"line":31,"column":23},"end":{"line":31,"column":66}},"4":{"start":{"line":31,"column":41},"end":{"line":31,"column":65}},"5":{"start":{"line":32,"column":4},"end":{"line":32,"column":22}},"6":{"start":{"line":35,"column":2},"end":{"line":39,"column":4}},"7":{"start":{"line":44,"column":23},"end":{"line":52,"column":1}},"8":{"start":{"line":54,"column":17},"end":{"line":58,"column":1}},"9":{"start":{"line":60,"column":17},"end":{"line":68,"column":1}},"10":{"start":{"line":61,"column":40},"end":{"line":61,"column":44}}},"fnMap":{"0":{"name":"(anonymous_0)","decl":{"start":{"line":16,"column":14},"end":{"line":16,"column":15}},"loc":{"start":{"line":16,"column":20},"end":{"line":40,"column":1}},"line":16},"1":{"name":"(anonymous_1)","decl":{"start":{"line":30,"column":23},"end":{"line":30,"column":24}},"loc":{"start":{"line":30,"column":29},"end":{"line":33,"column":3}},"line":30},"2":{"name":"(anonymous_2)","decl":{"start":{"line":31,"column":33},"end":{"line":31,"column":34}},"loc":{"start":{"line":31,"column":41},"end":{"line":31,"column":65}},"line":31},"3":{"name":"(anonymous_3)","decl":{"start":{"line":61,"column":26},"end":{"line":61,"column":27}},"loc":{"start":{"line":61,"column":40},"end":{"line":61,"column":44}},"line":61}},"branchMap":{},"s":{"0":0,"1":0,"2":0,"3":0,"4":0,"5":0,"6":0,"7":0,"8":0,"9":0,"10":0},"f":{"0":0,"1":0,"2":0,"3":0},"b":{},"hash":"8d6f8025f5f1b5931ad952903f59f245208f7419"}
,"C:\\Users\\orenk\\Desktop\\Netcraft\\projects\\tracker\\tracker\\src\\view\\Dashbord\\Dashboard.jsx": {"path":"C:\\Users\\orenk\\Desktop\\Netcraft\\projects\\tracker\\tracker\\src\\view\\Dashbord\\Dashboard.jsx","statementMap":{"0":{"start":{"line":35,"column":17},"end":{"line":94,"column":1}},"1":{"start":{"line":37,"column":40},"end":{"line":37,"column":55}},"2":{"start":{"line":38,"column":26},"end":{"line":38,"column":40}},"3":{"start":{"line":39,"column":46},"end":{"line":39,"column":61}},"4":{"start":{"line":41,"column":22},"end":{"line":41,"column":67}},"5":{"start":{"line":41,"column":43},"end":{"line":41,"column":66}},"6":{"start":{"line":42,"column":21},"end":{"line":42,"column":63}},"7":{"start":{"line":42,"column":42},"end":{"line":42,"column":62}},"8":{"start":{"line":43,"column":19},"end":{"line":43,"column":62}},"9":{"start":{"line":43,"column":40},"end":{"line":43,"column":61}},"10":{"start":{"line":44,"column":21},"end":{"line":44,"column":63}},"11":{"start":{"line":44,"column":42},"end":{"line":44,"column":62}},"12":{"start":{"line":45,"column":23},"end":{"line":45,"column":70}},"13":{"start":{"line":45,"column":44},"end":{"line":45,"column":69}},"14":{"start":{"line":47,"column":19},"end":{"line":47,"column":32}},"15":{"start":{"line":49,"column":18},"end":{"line":61,"column":6}},"16":{"start":{"line":50,"column":4},"end":{"line":60,"column":5}},"17":{"start":{"line":51,"column":6},"end":{"line":58,"column":8}},"18":{"start":{"line":59,"column":6},"end":{"line":59,"column":21}},"19":{"start":{"line":63,"column":2},"end":{"line":93,"column":4}},"20":{"start":{"line":67,"column":8},"end":{"line":67,"column":51}},"21":{"start":{"line":76,"column":14},"end":{"line":76,"column":71}},"22":{"start":{"line":98,"column":16},"end":{"line":103,"column":1}},"23":{"start":{"line":105,"column":21},"end":{"line":116,"column":1}},"24":{"start":{"line":118,"column":28},"end":{"line":127,"column":1}},"25":{"start":{"line":126,"column":37},"end":{"line":126,"column":74}},"26":{"start":{"line":129,"column":30},"end":{"line":135,"column":1}}},"fnMap":{"0":{"name":"(anonymous_0)","decl":{"start":{"line":35,"column":17},"end":{"line":35,"column":18}},"loc":{"start":{"line":35,"column":23},"end":{"line":94,"column":1}},"line":35},"1":{"name":"(anonymous_1)","decl":{"start":{"line":41,"column":34},"end":{"line":41,"column":35}},"loc":{"start":{"line":41,"column":43},"end":{"line":41,"column":66}},"line":41},"2":{"name":"(anonymous_2)","decl":{"start":{"line":42,"column":33},"end":{"line":42,"column":34}},"loc":{"start":{"line":42,"column":42},"end":{"line":42,"column":62}},"line":42},"3":{"name":"(anonymous_3)","decl":{"start":{"line":43,"column":31},"end":{"line":43,"column":32}},"loc":{"start":{"line":43,"column":40},"end":{"line":43,"column":61}},"line":43},"4":{"name":"(anonymous_4)","decl":{"start":{"line":44,"column":33},"end":{"line":44,"column":34}},"loc":{"start":{"line":44,"column":42},"end":{"line":44,"column":62}},"line":44},"5":{"name":"(anonymous_5)","decl":{"start":{"line":45,"column":35},"end":{"line":45,"column":36}},"loc":{"start":{"line":45,"column":44},"end":{"line":45,"column":69}},"line":45},"6":{"name":"(anonymous_6)","decl":{"start":{"line":49,"column":19},"end":{"line":49,"column":20}},"loc":{"start":{"line":49,"column":25},"end":{"line":61,"column":3}},"line":49},"7":{"name":"(anonymous_7)","decl":{"start":{"line":66,"column":15},"end":{"line":66,"column":16}},"loc":{"start":{"line":66,"column":20},"end":{"line":68,"column":7}},"line":66},"8":{"name":"(anonymous_8)","decl":{"start":{"line":75,"column":21},"end":{"line":75,"column":22}},"loc":{"start":{"line":75,"column":26},"end":{"line":77,"column":13}},"line":75},"9":{"name":"(anonymous_9)","decl":{"start":{"line":126,"column":15},"end":{"line":126,"column":16}},"loc":{"start":{"line":126,"column":37},"end":{"line":126,"column":74}},"line":126}},"branchMap":{"0":{"loc":{"start":{"line":50,"column":4},"end":{"line":60,"column":5}},"type":"if","locations":[{"start":{"line":50,"column":4},"end":{"line":60,"column":5}},{"start":{"line":50,"column":4},"end":{"line":60,"column":5}}],"line":50},"1":{"loc":{"start":{"line":67,"column":8},"end":{"line":67,"column":50}},"type":"binary-expr","locations":[{"start":{"line":67,"column":8},"end":{"line":67,"column":22}},{"start":{"line":67,"column":26},"end":{"line":67,"column":50}}],"line":67},"2":{"loc":{"start":{"line":70,"column":7},"end":{"line":70,"column":53}},"type":"binary-expr","locations":[{"start":{"line":70,"column":7},"end":{"line":70,"column":25}},{"start":{"line":70,"column":29},"end":{"line":70,"column":53}}],"line":70},"3":{"loc":{"start":{"line":76,"column":14},"end":{"line":76,"column":70}},"type":"binary-expr","locations":[{"start":{"line":76,"column":14},"end":{"line":76,"column":45}},{"start":{"line":76,"column":49},"end":{"line":76,"column":70}}],"line":76},"4":{"loc":{"start":{"line":88,"column":9},"end":{"line":88,"column":44}},"type":"binary-expr","locations":[{"start":{"line":88,"column":9},"end":{"line":88,"column":21}},{"start":{"line":88,"column":25},"end":{"line":88,"column":44}}],"line":88},"5":{"loc":{"start":{"line":126,"column":37},"end":{"line":126,"column":74}},"type":"cond-expr","locations":[{"start":{"line":126,"column":51},"end":{"line":126,"column":61}},{"start":{"line":126,"column":64},"end":{"line":126,"column":74}}],"line":126}},"s":{"0":0,"1":0,"2":0,"3":0,"4":0,"5":0,"6":0,"7":0,"8":0,"9":0,"10":0,"11":0,"12":0,"13":0,"14":0,"15":0,"16":0,"17":0,"18":0,"19":0,"20":0,"21":0,"22":0,"23":0,"24":0,"25":0,"26":0},"f":{"0":0,"1":0,"2":0,"3":0,"4":0,"5":0,"6":0,"7":0,"8":0,"9":0},"b":{"0":[0,0],"1":[0,0],"2":[0,0],"3":[0,0],"4":[0,0],"5":[0,0]},"hash":"04bd4727e0a3bdc12b047c630ef1667468c223bb"}
,"C:\\Users\\orenk\\Desktop\\Netcraft\\projects\\tracker\\tracker\\src\\view\\Dashbord\\Dashboardcopy.jsx": {"path":"C:\\Users\\orenk\\Desktop\\Netcraft\\projects\\tracker\\tracker\\src\\view\\Dashbord\\Dashboardcopy.jsx","statementMap":{"0":{"start":{"line":34,"column":17},"end":{"line":176,"column":1}},"1":{"start":{"line":36,"column":40},"end":{"line":36,"column":55}},"2":{"start":{"line":37,"column":26},"end":{"line":37,"column":40}},"3":{"start":{"line":38,"column":46},"end":{"line":38,"column":61}},"4":{"start":{"line":40,"column":22},"end":{"line":40,"column":67}},"5":{"start":{"line":40,"column":43},"end":{"line":40,"column":66}},"6":{"start":{"line":41,"column":21},"end":{"line":41,"column":63}},"7":{"start":{"line":41,"column":42},"end":{"line":41,"column":62}},"8":{"start":{"line":42,"column":19},"end":{"line":42,"column":62}},"9":{"start":{"line":42,"column":40},"end":{"line":42,"column":61}},"10":{"start":{"line":43,"column":21},"end":{"line":43,"column":63}},"11":{"start":{"line":43,"column":42},"end":{"line":43,"column":62}},"12":{"start":{"line":44,"column":23},"end":{"line":44,"column":70}},"13":{"start":{"line":44,"column":44},"end":{"line":44,"column":69}},"14":{"start":{"line":46,"column":19},"end":{"line":46,"column":32}},"15":{"start":{"line":48,"column":18},"end":{"line":48,"column":30}},"16":{"start":{"line":50,"column":18},"end":{"line":54,"column":3}},"17":{"start":{"line":51,"column":4},"end":{"line":51,"column":37}},"18":{"start":{"line":52,"column":4},"end":{"line":52,"column":32}},"19":{"start":{"line":53,"column":4},"end":{"line":53,"column":33}},"20":{"start":{"line":56,"column":18},"end":{"line":68,"column":6}},"21":{"start":{"line":57,"column":4},"end":{"line":67,"column":5}},"22":{"start":{"line":58,"column":6},"end":{"line":65,"column":8}},"23":{"start":{"line":66,"column":6},"end":{"line":66,"column":21}},"24":{"start":{"line":70,"column":2},"end":{"line":175,"column":4}},"25":{"start":{"line":74,"column":8},"end":{"line":74,"column":33}},"26":{"start":{"line":75,"column":8},"end":{"line":75,"column":51}},"27":{"start":{"line":84,"column":14},"end":{"line":84,"column":71}},"28":{"start":{"line":92,"column":31},"end":{"line":92,"column":65}},"29":{"start":{"line":100,"column":44},"end":{"line":100,"column":68}},"30":{"start":{"line":116,"column":29},"end":{"line":116,"column":60}},"31":{"start":{"line":122,"column":29},"end":{"line":122,"column":59}},"32":{"start":{"line":130,"column":29},"end":{"line":130,"column":72}},"33":{"start":{"line":168,"column":46},"end":{"line":168,"column":66}},"34":{"start":{"line":180,"column":16},"end":{"line":184,"column":1}},"35":{"start":{"line":186,"column":21},"end":{"line":201,"column":1}},"36":{"start":{"line":195,"column":39},"end":{"line":195,"column":71}},"37":{"start":{"line":203,"column":28},"end":{"line":212,"column":1}},"38":{"start":{"line":211,"column":37},"end":{"line":211,"column":74}},"39":{"start":{"line":214,"column":30},"end":{"line":220,"column":1}},"40":{"start":{"line":222,"column":22},"end":{"line":226,"column":1}},"41":{"start":{"line":228,"column":13},"end":{"line":236,"column":1}},"42":{"start":{"line":238,"column":16},"end":{"line":257,"column":1}},"43":{"start":{"line":248,"column":35},"end":{"line":248,"column":54}},"44":{"start":{"line":259,"column":17},"end":{"line":261,"column":1}},"45":{"start":{"line":263,"column":22},"end":{"line":277,"column":1}},"46":{"start":{"line":279,"column":21},"end":{"line":301,"column":1}},"47":{"start":{"line":284,"column":38},"end":{"line":284,"column":71}},"48":{"start":{"line":303,"column":20},"end":{"line":312,"column":1}},"49":{"start":{"line":314,"column":22},"end":{"line":323,"column":1}},"50":{"start":{"line":325,"column":21},"end":{"line":327,"column":1}},"51":{"start":{"line":329,"column":19},"end":{"line":348,"column":1}},"52":{"start":{"line":350,"column":20},"end":{"line":368,"column":1}},"53":{"start":{"line":359,"column":38},"end":{"line":359,"column":73}},"54":{"start":{"line":361,"column":4},"end":{"line":363,"column":89}},"55":{"start":{"line":370,"column":19},"end":{"line":379,"column":1}},"56":{"start":{"line":373,"column":38},"end":{"line":373,"column":73}},"57":{"start":{"line":376,"column":4},"end":{"line":378,"column":101}},"58":{"start":{"line":381,"column":18},"end":{"line":384,"column":1}},"59":{"start":{"line":386,"column":21},"end":{"line":402,"column":1}},"60":{"start":{"line":404,"column":15},"end":{"line":413,"column":1}},"61":{"start":{"line":415,"column":22},"end":{"line":423,"column":1}},"62":{"start":{"line":421,"column":39},"end":{"line":421,"column":71}},"63":{"start":{"line":425,"column":22},"end":{"line":434,"column":1}},"64":{"start":{"line":436,"column":16},"end":{"line":456,"column":1}},"65":{"start":{"line":445,"column":4},"end":{"line":445,"column":49}},"66":{"start":{"line":449,"column":6},"end":{"line":449,"column":67}},"67":{"start":{"line":453,"column":8},"end":{"line":453,"column":48}},"68":{"start":{"line":458,"column":22},"end":{"line":466,"column":1}},"69":{"start":{"line":460,"column":4},"end":{"line":460,"column":53}},"70":{"start":{"line":464,"column":6},"end":{"line":464,"column":71}},"71":{"start":{"line":468,"column":16},"end":{"line":476,"column":1}},"72":{"start":{"line":470,"column":4},"end":{"line":470,"column":49}},"73":{"start":{"line":474,"column":6},"end":{"line":474,"column":67}},"74":{"start":{"line":478,"column":26},"end":{"line":482,"column":1}},"75":{"start":{"line":484,"column":21},"end":{"line":492,"column":1}},"76":{"start":{"line":494,"column":26},"end":{"line":522,"column":1}}},"fnMap":{"0":{"name":"(anonymous_0)","decl":{"start":{"line":34,"column":17},"end":{"line":34,"column":18}},"loc":{"start":{"line":34,"column":23},"end":{"line":176,"column":1}},"line":34},"1":{"name":"(anonymous_1)","decl":{"start":{"line":40,"column":34},"end":{"line":40,"column":35}},"loc":{"start":{"line":40,"column":43},"end":{"line":40,"column":66}},"line":40},"2":{"name":"(anonymous_2)","decl":{"start":{"line":41,"column":33},"end":{"line":41,"column":34}},"loc":{"start":{"line":41,"column":42},"end":{"line":41,"column":62}},"line":41},"3":{"name":"(anonymous_3)","decl":{"start":{"line":42,"column":31},"end":{"line":42,"column":32}},"loc":{"start":{"line":42,"column":40},"end":{"line":42,"column":61}},"line":42},"4":{"name":"(anonymous_4)","decl":{"start":{"line":43,"column":33},"end":{"line":43,"column":34}},"loc":{"start":{"line":43,"column":42},"end":{"line":43,"column":62}},"line":43},"5":{"name":"(anonymous_5)","decl":{"start":{"line":44,"column":35},"end":{"line":44,"column":36}},"loc":{"start":{"line":44,"column":44},"end":{"line":44,"column":69}},"line":44},"6":{"name":"(anonymous_6)","decl":{"start":{"line":50,"column":18},"end":{"line":50,"column":19}},"loc":{"start":{"line":50,"column":24},"end":{"line":54,"column":3}},"line":50},"7":{"name":"(anonymous_7)","decl":{"start":{"line":56,"column":19},"end":{"line":56,"column":20}},"loc":{"start":{"line":56,"column":25},"end":{"line":68,"column":3}},"line":56},"8":{"name":"(anonymous_8)","decl":{"start":{"line":73,"column":15},"end":{"line":73,"column":16}},"loc":{"start":{"line":73,"column":20},"end":{"line":76,"column":7}},"line":73},"9":{"name":"(anonymous_9)","decl":{"start":{"line":83,"column":21},"end":{"line":83,"column":22}},"loc":{"start":{"line":83,"column":26},"end":{"line":85,"column":13}},"line":83},"10":{"name":"(anonymous_10)","decl":{"start":{"line":92,"column":25},"end":{"line":92,"column":26}},"loc":{"start":{"line":92,"column":31},"end":{"line":92,"column":65}},"line":92},"11":{"name":"(anonymous_11)","decl":{"start":{"line":100,"column":38},"end":{"line":100,"column":39}},"loc":{"start":{"line":100,"column":44},"end":{"line":100,"column":68}},"line":100},"12":{"name":"(anonymous_12)","decl":{"start":{"line":116,"column":23},"end":{"line":116,"column":24}},"loc":{"start":{"line":116,"column":29},"end":{"line":116,"column":60}},"line":116},"13":{"name":"(anonymous_13)","decl":{"start":{"line":122,"column":23},"end":{"line":122,"column":24}},"loc":{"start":{"line":122,"column":29},"end":{"line":122,"column":59}},"line":122},"14":{"name":"(anonymous_14)","decl":{"start":{"line":130,"column":23},"end":{"line":130,"column":24}},"loc":{"start":{"line":130,"column":29},"end":{"line":130,"column":72}},"line":130},"15":{"name":"(anonymous_15)","decl":{"start":{"line":168,"column":40},"end":{"line":168,"column":41}},"loc":{"start":{"line":168,"column":46},"end":{"line":168,"column":66}},"line":168},"16":{"name":"(anonymous_16)","decl":{"start":{"line":195,"column":17},"end":{"line":195,"column":18}},"loc":{"start":{"line":195,"column":39},"end":{"line":195,"column":71}},"line":195},"17":{"name":"(anonymous_17)","decl":{"start":{"line":211,"column":15},"end":{"line":211,"column":16}},"loc":{"start":{"line":211,"column":37},"end":{"line":211,"column":74}},"line":211},"18":{"name":"(anonymous_18)","decl":{"start":{"line":248,"column":16},"end":{"line":248,"column":17}},"loc":{"start":{"line":248,"column":35},"end":{"line":248,"column":54}},"line":248},"19":{"name":"(anonymous_19)","decl":{"start":{"line":284,"column":13},"end":{"line":284,"column":14}},"loc":{"start":{"line":284,"column":38},"end":{"line":284,"column":71}},"line":284},"20":{"name":"(anonymous_20)","decl":{"start":{"line":359,"column":16},"end":{"line":359,"column":17}},"loc":{"start":{"line":359,"column":38},"end":{"line":359,"column":73}},"line":359},"21":{"name":"(anonymous_21)","decl":{"start":{"line":360,"column":16},"end":{"line":360,"column":17}},"loc":{"start":{"line":361,"column":4},"end":{"line":363,"column":89}},"line":361},"22":{"name":"(anonymous_22)","decl":{"start":{"line":373,"column":16},"end":{"line":373,"column":17}},"loc":{"start":{"line":373,"column":38},"end":{"line":373,"column":73}},"line":373},"23":{"name":"(anonymous_23)","decl":{"start":{"line":375,"column":16},"end":{"line":375,"column":17}},"loc":{"start":{"line":376,"column":4},"end":{"line":378,"column":101}},"line":376},"24":{"name":"(anonymous_24)","decl":{"start":{"line":421,"column":17},"end":{"line":421,"column":18}},"loc":{"start":{"line":421,"column":39},"end":{"line":421,"column":71}},"line":421},"25":{"name":"(anonymous_25)","decl":{"start":{"line":444,"column":13},"end":{"line":444,"column":14}},"loc":{"start":{"line":445,"column":4},"end":{"line":445,"column":49}},"line":445},"26":{"name":"(anonymous_26)","decl":{"start":{"line":448,"column":15},"end":{"line":448,"column":16}},"loc":{"start":{"line":449,"column":6},"end":{"line":449,"column":67}},"line":449},"27":{"name":"(anonymous_27)","decl":{"start":{"line":452,"column":16},"end":{"line":452,"column":17}},"loc":{"start":{"line":453,"column":8},"end":{"line":453,"column":48}},"line":453},"28":{"name":"(anonymous_28)","decl":{"start":{"line":459,"column":13},"end":{"line":459,"column":14}},"loc":{"start":{"line":460,"column":4},"end":{"line":460,"column":53}},"line":460},"29":{"name":"(anonymous_29)","decl":{"start":{"line":463,"column":15},"end":{"line":463,"column":16}},"loc":{"start":{"line":464,"column":6},"end":{"line":464,"column":71}},"line":464},"30":{"name":"(anonymous_30)","decl":{"start":{"line":469,"column":13},"end":{"line":469,"column":14}},"loc":{"start":{"line":470,"column":4},"end":{"line":470,"column":49}},"line":470},"31":{"name":"(anonymous_31)","decl":{"start":{"line":473,"column":15},"end":{"line":473,"column":16}},"loc":{"start":{"line":474,"column":6},"end":{"line":474,"column":67}},"line":474}},"branchMap":{"0":{"loc":{"start":{"line":57,"column":4},"end":{"line":67,"column":5}},"type":"if","locations":[{"start":{"line":57,"column":4},"end":{"line":67,"column":5}},{"start":{"line":57,"column":4},"end":{"line":67,"column":5}}],"line":57},"1":{"loc":{"start":{"line":75,"column":8},"end":{"line":75,"column":50}},"type":"binary-expr","locations":[{"start":{"line":75,"column":8},"end":{"line":75,"column":22}},{"start":{"line":75,"column":26},"end":{"line":75,"column":50}}],"line":75},"2":{"loc":{"start":{"line":78,"column":7},"end":{"line":78,"column":53}},"type":"binary-expr","locations":[{"start":{"line":78,"column":7},"end":{"line":78,"column":25}},{"start":{"line":78,"column":29},"end":{"line":78,"column":53}}],"line":78},"3":{"loc":{"start":{"line":84,"column":14},"end":{"line":84,"column":70}},"type":"binary-expr","locations":[{"start":{"line":84,"column":14},"end":{"line":84,"column":45}},{"start":{"line":84,"column":49},"end":{"line":84,"column":70}}],"line":84},"4":{"loc":{"start":{"line":132,"column":15},"end":{"line":132,"column":56}},"type":"cond-expr","locations":[{"start":{"line":132,"column":30},"end":{"line":132,"column":41}},{"start":{"line":132,"column":44},"end":{"line":132,"column":56}}],"line":132},"5":{"loc":{"start":{"line":136,"column":9},"end":{"line":136,"column":44}},"type":"binary-expr","locations":[{"start":{"line":136,"column":9},"end":{"line":136,"column":21}},{"start":{"line":136,"column":25},"end":{"line":136,"column":44}}],"line":136},"6":{"loc":{"start":{"line":195,"column":39},"end":{"line":195,"column":71}},"type":"cond-expr","locations":[{"start":{"line":195,"column":53},"end":{"line":195,"column":61}},{"start":{"line":195,"column":64},"end":{"line":195,"column":71}}],"line":195},"7":{"loc":{"start":{"line":211,"column":37},"end":{"line":211,"column":74}},"type":"cond-expr","locations":[{"start":{"line":211,"column":51},"end":{"line":211,"column":61}},{"start":{"line":211,"column":64},"end":{"line":211,"column":74}}],"line":211},"8":{"loc":{"start":{"line":284,"column":38},"end":{"line":284,"column":71}},"type":"cond-expr","locations":[{"start":{"line":284,"column":55},"end":{"line":284,"column":62}},{"start":{"line":284,"column":65},"end":{"line":284,"column":71}}],"line":284},"9":{"loc":{"start":{"line":359,"column":38},"end":{"line":359,"column":73}},"type":"cond-expr","locations":[{"start":{"line":359,"column":52},"end":{"line":359,"column":61}},{"start":{"line":359,"column":64},"end":{"line":359,"column":73}}],"line":359},"10":{"loc":{"start":{"line":361,"column":4},"end":{"line":363,"column":89}},"type":"cond-expr","locations":[{"start":{"line":362,"column":8},"end":{"line":362,"column":101}},{"start":{"line":363,"column":8},"end":{"line":363,"column":89}}],"line":361},"11":{"loc":{"start":{"line":373,"column":38},"end":{"line":373,"column":73}},"type":"cond-expr","locations":[{"start":{"line":373,"column":52},"end":{"line":373,"column":61}},{"start":{"line":373,"column":64},"end":{"line":373,"column":73}}],"line":373},"12":{"loc":{"start":{"line":376,"column":4},"end":{"line":378,"column":101}},"type":"cond-expr","locations":[{"start":{"line":377,"column":8},"end":{"line":377,"column":89}},{"start":{"line":378,"column":8},"end":{"line":378,"column":101}}],"line":376},"13":{"loc":{"start":{"line":421,"column":39},"end":{"line":421,"column":71}},"type":"cond-expr","locations":[{"start":{"line":421,"column":53},"end":{"line":421,"column":61}},{"start":{"line":421,"column":64},"end":{"line":421,"column":71}}],"line":421},"14":{"loc":{"start":{"line":445,"column":4},"end":{"line":445,"column":49}},"type":"cond-expr","locations":[{"start":{"line":445,"column":38},"end":{"line":445,"column":41}},{"start":{"line":445,"column":44},"end":{"line":445,"column":49}}],"line":445},"15":{"loc":{"start":{"line":449,"column":6},"end":{"line":449,"column":67}},"type":"cond-expr","locations":[{"start":{"line":449,"column":56},"end":{"line":449,"column":59}},{"start":{"line":449,"column":62},"end":{"line":449,"column":67}}],"line":449},"16":{"loc":{"start":{"line":449,"column":6},"end":{"line":449,"column":53}},"type":"binary-expr","locations":[{"start":{"line":449,"column":6},"end":{"line":449,"column":18}},{"start":{"line":449,"column":22},"end":{"line":449,"column":53}}],"line":449},"17":{"loc":{"start":{"line":453,"column":8},"end":{"line":453,"column":48}},"type":"cond-expr","locations":[{"start":{"line":453,"column":22},"end":{"line":453,"column":36}},{"start":{"line":453,"column":39},"end":{"line":453,"column":48}}],"line":453},"18":{"loc":{"start":{"line":460,"column":4},"end":{"line":460,"column":53}},"type":"cond-expr","locations":[{"start":{"line":460,"column":42},"end":{"line":460,"column":45}},{"start":{"line":460,"column":48},"end":{"line":460,"column":53}}],"line":460},"19":{"loc":{"start":{"line":464,"column":6},"end":{"line":464,"column":71}},"type":"cond-expr","locations":[{"start":{"line":464,"column":60},"end":{"line":464,"column":63}},{"start":{"line":464,"column":66},"end":{"line":464,"column":71}}],"line":464},"20":{"loc":{"start":{"line":464,"column":6},"end":{"line":464,"column":57}},"type":"binary-expr","locations":[{"start":{"line":464,"column":6},"end":{"line":464,"column":18}},{"start":{"line":464,"column":22},"end":{"line":464,"column":57}}],"line":464},"21":{"loc":{"start":{"line":470,"column":4},"end":{"line":470,"column":49}},"type":"cond-expr","locations":[{"start":{"line":470,"column":38},"end":{"line":470,"column":41}},{"start":{"line":470,"column":44},"end":{"line":470,"column":49}}],"line":470},"22":{"loc":{"start":{"line":474,"column":6},"end":{"line":474,"column":67}},"type":"cond-expr","locations":[{"start":{"line":474,"column":56},"end":{"line":474,"column":59}},{"start":{"line":474,"column":62},"end":{"line":474,"column":67}}],"line":474},"23":{"loc":{"start":{"line":474,"column":6},"end":{"line":474,"column":53}},"type":"binary-expr","locations":[{"start":{"line":474,"column":6},"end":{"line":474,"column":18}},{"start":{"line":474,"column":22},"end":{"line":474,"column":53}}],"line":474}},"s":{"0":0,"1":0,"2":0,"3":0,"4":0,"5":0,"6":0,"7":0,"8":0,"9":0,"10":0,"11":0,"12":0,"13":0,"14":0,"15":0,"16":0,"17":0,"18":0,"19":0,"20":0,"21":0,"22":0,"23":0,"24":0,"25":0,"26":0,"27":0,"28":0,"29":0,"30":0,"31":0,"32":0,"33":0,"34":0,"35":0,"36":0,"37":0,"38":0,"39":0,"40":0,"41":0,"42":0,"43":0,"44":0,"45":0,"46":0,"47":0,"48":0,"49":0,"50":0,"51":0,"52":0,"53":0,"54":0,"55":0,"56":0,"57":0,"58":0,"59":0,"60":0,"61":0,"62":0,"63":0,"64":0,"65":0,"66":0,"67":0,"68":0,"69":0,"70":0,"71":0,"72":0,"73":0,"74":0,"75":0,"76":0},"f":{"0":0,"1":0,"2":0,"3":0,"4":0,"5":0,"6":0,"7":0,"8":0,"9":0,"10":0,"11":0,"12":0,"13":0,"14":0,"15":0,"16":0,"17":0,"18":0,"19":0,"20":0,"21":0,"22":0,"23":0,"24":0,"25":0,"26":0,"27":0,"28":0,"29":0,"30":0,"31":0},"b":{"0":[0,0],"1":[0,0],"2":[0,0],"3":[0,0],"4":[0,0],"5":[0,0],"6":[0,0],"7":[0,0],"8":[0,0],"9":[0,0],"10":[0,0],"11":[0,0],"12":[0,0],"13":[0,0],"14":[0,0],"15":[0,0],"16":[0,0],"17":[0,0],"18":[0,0],"19":[0,0],"20":[0,0],"21":[0,0],"22":[0,0],"23":[0,0]},"hash":"8175c051d43a0c208ed0d7a9141ff645fe0265bd"}
,"C:\\Users\\orenk\\Desktop\\Netcraft\\projects\\tracker\\tracker\\src\\view\\Dashbord\\TasksLister.jsx": {"path":"C:\\Users\\orenk\\Desktop\\Netcraft\\projects\\tracker\\tracker\\src\\view\\Dashbord\\TasksLister.jsx","statementMap":{"0":{"start":{"line":7,"column":20},"end":{"line":97,"column":1}},"1":{"start":{"line":8,"column":21},"end":{"line":8,"column":66}},"2":{"start":{"line":8,"column":42},"end":{"line":8,"column":65}},"3":{"start":{"line":10,"column":2},"end":{"line":71,"column":3}},"4":{"start":{"line":12,"column":20},"end":{"line":23,"column":5}},"5":{"start":{"line":13,"column":26},"end":{"line":13,"column":52}},"6":{"start":{"line":14,"column":23},"end":{"line":14,"column":46}},"7":{"start":{"line":16,"column":23},"end":{"line":16,"column":24}},"8":{"start":{"line":17,"column":6},"end":{"line":21,"column":7}},"9":{"start":{"line":18,"column":8},"end":{"line":18,"column":23}},"10":{"start":{"line":19,"column":13},"end":{"line":21,"column":7}},"11":{"start":{"line":20,"column":8},"end":{"line":20,"column":24}},"12":{"start":{"line":22,"column":6},"end":{"line":22,"column":24}},"13":{"start":{"line":25,"column":4},"end":{"line":25,"column":29}},"14":{"start":{"line":26,"column":4},"end":{"line":26,"column":51}},"15":{"start":{"line":28,"column":20},"end":{"line":67,"column":5}},"16":{"start":{"line":29,"column":29},"end":{"line":41,"column":7}},"17":{"start":{"line":30,"column":8},"end":{"line":40,"column":9}},"18":{"start":{"line":32,"column":12},"end":{"line":32,"column":21}},"19":{"start":{"line":33,"column":12},"end":{"line":33,"column":18}},"20":{"start":{"line":35,"column":12},"end":{"line":35,"column":21}},"21":{"start":{"line":36,"column":12},"end":{"line":36,"column":18}},"22":{"start":{"line":38,"column":12},"end":{"line":38,"column":21}},"23":{"start":{"line":39,"column":12},"end":{"line":39,"column":18}},"24":{"start":{"line":43,"column":29},"end":{"line":55,"column":7}},"25":{"start":{"line":44,"column":8},"end":{"line":54,"column":9}},"26":{"start":{"line":46,"column":12},"end":{"line":46,"column":21}},"27":{"start":{"line":47,"column":12},"end":{"line":47,"column":18}},"28":{"start":{"line":49,"column":12},"end":{"line":49,"column":21}},"29":{"start":{"line":50,"column":12},"end":{"line":50,"column":18}},"30":{"start":{"line":52,"column":12},"end":{"line":52,"column":21}},"31":{"start":{"line":53,"column":12},"end":{"line":53,"column":18}},"32":{"start":{"line":57,"column":23},"end":{"line":57,"column":39}},"33":{"start":{"line":58,"column":23},"end":{"line":58,"column":39}},"34":{"start":{"line":60,"column":23},"end":{"line":60,"column":24}},"35":{"start":{"line":61,"column":6},"end":{"line":65,"column":7}},"36":{"start":{"line":62,"column":8},"end":{"line":62,"column":23}},"37":{"start":{"line":63,"column":13},"end":{"line":65,"column":7}},"38":{"start":{"line":64,"column":8},"end":{"line":64,"column":24}},"39":{"start":{"line":66,"column":6},"end":{"line":66,"column":24}},"40":{"start":{"line":69,"column":4},"end":{"line":69,"column":29}},"41":{"start":{"line":70,"column":4},"end":{"line":70,"column":52}},"42":{"start":{"line":77,"column":19},"end":{"line":94,"column":3}},"43":{"start":{"line":78,"column":4},"end":{"line":93,"column":7}},"44":{"start":{"line":79,"column":6},"end":{"line":92,"column":8}},"45":{"start":{"line":96,"column":2},"end":{"line":96,"column":45}},"46":{"start":{"line":101,"column":18},"end":{"line":109,"column":1}}},"fnMap":{"0":{"name":"(anonymous_0)","decl":{"start":{"line":7,"column":20},"end":{"line":7,"column":21}},"loc":{"start":{"line":7,"column":40},"end":{"line":97,"column":1}},"line":7},"1":{"name":"(anonymous_1)","decl":{"start":{"line":8,"column":33},"end":{"line":8,"column":34}},"loc":{"start":{"line":8,"column":42},"end":{"line":8,"column":65}},"line":8},"2":{"name":"(anonymous_2)","decl":{"start":{"line":12,"column":20},"end":{"line":12,"column":21}},"loc":{"start":{"line":12,"column":47},"end":{"line":23,"column":5}},"line":12},"3":{"name":"(anonymous_3)","decl":{"start":{"line":28,"column":20},"end":{"line":28,"column":21}},"loc":{"start":{"line":28,"column":30},"end":{"line":67,"column":5}},"line":28},"4":{"name":"(anonymous_4)","decl":{"start":{"line":29,"column":29},"end":{"line":29,"column":30}},"loc":{"start":{"line":29,"column":35},"end":{"line":41,"column":7}},"line":29},"5":{"name":"(anonymous_5)","decl":{"start":{"line":43,"column":29},"end":{"line":43,"column":30}},"loc":{"start":{"line":43,"column":35},"end":{"line":55,"column":7}},"line":43},"6":{"name":"(anonymous_6)","decl":{"start":{"line":77,"column":19},"end":{"line":77,"column":20}},"loc":{"start":{"line":77,"column":25},"end":{"line":94,"column":3}},"line":77},"7":{"name":"(anonymous_7)","decl":{"start":{"line":78,"column":26},"end":{"line":78,"column":27}},"loc":{"start":{"line":78,"column":43},"end":{"line":93,"column":5}},"line":78}},"branchMap":{"0":{"loc":{"start":{"line":10,"column":2},"end":{"line":71,"column":3}},"type":"if","locations":[{"start":{"line":10,"column":2},"end":{"line":71,"column":3}},{"start":{"line":10,"column":2},"end":{"line":71,"column":3}}],"line":10},"1":{"loc":{"start":{"line":17,"column":6},"end":{"line":21,"column":7}},"type":"if","locations":[{"start":{"line":17,"column":6},"end":{"line":21,"column":7}},{"start":{"line":17,"column":6},"end":{"line":21,"column":7}}],"line":17},"2":{"loc":{"start":{"line":19,"column":13},"end":{"line":21,"column":7}},"type":"if","locations":[{"start":{"line":19,"column":13},"end":{"line":21,"column":7}},{"start":{"line":19,"column":13},"end":{"line":21,"column":7}}],"line":19},"3":{"loc":{"start":{"line":30,"column":8},"end":{"line":40,"column":9}},"type":"switch","locations":[{"start":{"line":31,"column":10},"end":{"line":33,"column":18}},{"start":{"line":34,"column":10},"end":{"line":36,"column":18}},{"start":{"line":37,"column":10},"end":{"line":39,"column":18}}],"line":30},"4":{"loc":{"start":{"line":44,"column":8},"end":{"line":54,"column":9}},"type":"switch","locations":[{"start":{"line":45,"column":10},"end":{"line":47,"column":18}},{"start":{"line":48,"column":10},"end":{"line":50,"column":18}},{"start":{"line":51,"column":10},"end":{"line":53,"column":18}}],"line":44},"5":{"loc":{"start":{"line":61,"column":6},"end":{"line":65,"column":7}},"type":"if","locations":[{"start":{"line":61,"column":6},"end":{"line":65,"column":7}},{"start":{"line":61,"column":6},"end":{"line":65,"column":7}}],"line":61},"6":{"loc":{"start":{"line":63,"column":13},"end":{"line":65,"column":7}},"type":"if","locations":[{"start":{"line":63,"column":13},"end":{"line":65,"column":7}},{"start":{"line":63,"column":13},"end":{"line":65,"column":7}}],"line":63}},"s":{"0":0,"1":0,"2":0,"3":0,"4":0,"5":0,"6":0,"7":0,"8":0,"9":0,"10":0,"11":0,"12":0,"13":0,"14":0,"15":0,"16":0,"17":0,"18":0,"19":0,"20":0,"21":0,"22":0,"23":0,"24":0,"25":0,"26":0,"27":0,"28":0,"29":0,"30":0,"31":0,"32":0,"33":0,"34":0,"35":0,"36":0,"37":0,"38":0,"39":0,"40":0,"41":0,"42":0,"43":0,"44":0,"45":0,"46":0},"f":{"0":0,"1":0,"2":0,"3":0,"4":0,"5":0,"6":0,"7":0},"b":{"0":[0,0],"1":[0,0],"2":[0,0],"3":[0,0,0],"4":[0,0,0],"5":[0,0],"6":[0,0]},"hash":"c6deb08ff518d86433ce245725c9c9743afb5cb1"}
,"C:\\Users\\orenk\\Desktop\\Netcraft\\projects\\tracker\\tracker\\src\\view\\Dashbord\\BodyComponent\\BodyComponent.jsx": {"path":"C:\\Users\\orenk\\Desktop\\Netcraft\\projects\\tracker\\tracker\\src\\view\\Dashbord\\BodyComponent\\BodyComponent.jsx","statementMap":{"0":{"start":{"line":12,"column":22},"end":{"line":21,"column":1}},"1":{"start":{"line":13,"column":22},"end":{"line":13,"column":67}},"2":{"start":{"line":13,"column":43},"end":{"line":13,"column":66}},"3":{"start":{"line":15,"column":2},"end":{"line":20,"column":4}},"4":{"start":{"line":25,"column":25},"end":{"line":33,"column":1}},"5":{"start":{"line":31,"column":39},"end":{"line":31,"column":71}}},"fnMap":{"0":{"name":"(anonymous_0)","decl":{"start":{"line":12,"column":22},"end":{"line":12,"column":23}},"loc":{"start":{"line":12,"column":46},"end":{"line":21,"column":1}},"line":12},"1":{"name":"(anonymous_1)","decl":{"start":{"line":13,"column":34},"end":{"line":13,"column":35}},"loc":{"start":{"line":13,"column":43},"end":{"line":13,"column":66}},"line":13},"2":{"name":"(anonymous_2)","decl":{"start":{"line":31,"column":17},"end":{"line":31,"column":18}},"loc":{"start":{"line":31,"column":39},"end":{"line":31,"column":71}},"line":31}},"branchMap":{"0":{"loc":{"start":{"line":31,"column":39},"end":{"line":31,"column":71}},"type":"cond-expr","locations":[{"start":{"line":31,"column":53},"end":{"line":31,"column":61}},{"start":{"line":31,"column":64},"end":{"line":31,"column":71}}],"line":31}},"s":{"0":0,"1":0,"2":0,"3":0,"4":0,"5":0},"f":{"0":0,"1":0,"2":0},"b":{"0":[0,0]},"hash":"e5aa8e230c33137b275f8900a5d00e82cfc23bdb"}
,"C:\\Users\\orenk\\Desktop\\Netcraft\\projects\\tracker\\tracker\\src\\view\\Dashbord\\BodyComponent\\Tabs.jsx": {"path":"C:\\Users\\orenk\\Desktop\\Netcraft\\projects\\tracker\\tracker\\src\\view\\Dashbord\\BodyComponent\\Tabs.jsx","statementMap":{"0":{"start":{"line":18,"column":13},"end":{"line":39,"column":1}},"1":{"start":{"line":19,"column":21},"end":{"line":19,"column":63}},"2":{"start":{"line":19,"column":42},"end":{"line":19,"column":62}},"3":{"start":{"line":20,"column":22},"end":{"line":20,"column":67}},"4":{"start":{"line":20,"column":43},"end":{"line":20,"column":66}},"5":{"start":{"line":22,"column":2},"end":{"line":38,"column":4}},"6":{"start":{"line":43,"column":22},"end":{"line":53,"column":1}},"7":{"start":{"line":55,"column":16},"end":{"line":75,"column":1}},"8":{"start":{"line":64,"column":4},"end":{"line":64,"column":49}},"9":{"start":{"line":68,"column":6},"end":{"line":68,"column":67}},"10":{"start":{"line":72,"column":8},"end":{"line":72,"column":48}},"11":{"start":{"line":77,"column":22},"end":{"line":85,"column":1}},"12":{"start":{"line":79,"column":4},"end":{"line":79,"column":53}},"13":{"start":{"line":83,"column":6},"end":{"line":83,"column":71}},"14":{"start":{"line":87,"column":16},"end":{"line":95,"column":1}},"15":{"start":{"line":89,"column":4},"end":{"line":89,"column":49}},"16":{"start":{"line":93,"column":6},"end":{"line":93,"column":67}}},"fnMap":{"0":{"name":"(anonymous_0)","decl":{"start":{"line":18,"column":13},"end":{"line":18,"column":14}},"loc":{"start":{"line":18,"column":19},"end":{"line":39,"column":1}},"line":18},"1":{"name":"(anonymous_1)","decl":{"start":{"line":19,"column":33},"end":{"line":19,"column":34}},"loc":{"start":{"line":19,"column":42},"end":{"line":19,"column":62}},"line":19},"2":{"name":"(anonymous_2)","decl":{"start":{"line":20,"column":34},"end":{"line":20,"column":35}},"loc":{"start":{"line":20,"column":43},"end":{"line":20,"column":66}},"line":20},"3":{"name":"(anonymous_3)","decl":{"start":{"line":63,"column":13},"end":{"line":63,"column":14}},"loc":{"start":{"line":64,"column":4},"end":{"line":64,"column":
[...]
,"C:\\Users\\orenk\\Desktop\\Netcraft\\projects\\tracker\\tracker\\src\\view\\Dashbord\\TaskCreation\\TaskStatusSelect.jsx": {"path":"C:\\Users\\orenk\\Desktop\\Netcraft\\projects\\tracker\\tracker\\src\\view\\Dashbord\\TaskCreation\\TaskStatusSelect.jsx","statementMap":{"0":{"start":{"line":6,"column":25},"end":{"line":20,"column":1}},"1":{"start":{"line":7,"column":2},"end":{"line":19,"column":4}},"2":{"start":{"line":9,"column":33},"end":{"line":9,"column":50}},"3":{"start":{"line":12,"column":39},"end":{"line":12,"column":62}},"4":{"start":{"line":15,"column":33},"end":{"line":15,"column":50}},"5":{"start":{"line":24,"column":28},"end":{"line":34,"column":1}},"6":{"start":{"line":36,"column":26},"end":{"line":46,"column":1}},"7":{"start":{"line":48,"column":19},"end":{"line":57,"column":1}},"8":{"start":{"line":52,"column":4},"end":{"line":54,"column":95}},"9":{"start":{"line":59,"column":25},"end":{"line":68,"column":1}},"10":{"start":{"line":63,"column":4},"end":{"line":65,"column":95}},"11":{"start":{"line":69,"column":19},"end":{"line":78,"column":1}},"12":{"start":{"line":73,"column":4},"end":{"line":75,"column":95}}},"fnMap":{"0":{"name":"(anonymous_0)","decl":{"start":{"line":6,"column":25},"end":{"line":6,"column":26}},"loc":{"start":{"line":6,"column":52},"end":{"line":20,"column":1}},"line":6},"1":{"name":"(anonymous_1)","decl":{"start":{"line":9,"column":27},"end":{"line":9,"column":28}},"loc":{"start":{"line":9,"column":33},"end":{"line":9,"column":50}},"line":9},"2":{"name":"(anonymous_2)","decl":{"start":{"line":12,"column":33},"end":{"line":12,"column":34}},"loc":{"start":{"line":12,"column":39},"end":{"line":12,"column":62}},"line":12},"3":{"name":"(anonymous_3)","decl":{"start":{"line":15,"column":27},"end":{"line":15,"column":28}},"loc":{"start":{"line":15,"column":33},"end":{"line":15,"column":50}},"line":15},"4":{"name":"(anonymous_4)","decl":{"start":{"line":51,"column":16},"end":{"line":51,"column":17}},"loc":{"start":{"line":52,"column":4},"end":{"line":54,"column":95}},"line":52},"5":{"name":"(anonymous_5)","decl":{"start":{"line":62,"column":16},"end":{"line":62,"column":17}},"loc":{"start":{"line":63,"column":4},"end":{"line":65,"column":95}},"line":63},"6":{"name":"(anonymous_6)","decl":{"start":{"line":72,"column":16},"end":{"line":72,"column":17}},"loc":{"start":{"line":73,"column":4},"end":{"line":75,"column":95}},"line":73}},"branchMap":{"0":{"loc":{"start":{"line":52,"column":4},"end":{"line":54,"column":95}},"type":"cond-expr","locations":[{"start":{"line":53,"column":8},"end":{"line":53,"column":107}},{"start":{"line":54,"column":8},"end":{"line":54,"column":95}}],"line":52},"1":{"loc":{"start":{"line":63,"column":4},"end":{"line":65,"column":95}},"type":"cond-expr","locations":[{"start":{"line":64,"column":8},"end":{"line":64,"column":107}},{"start":{"line":65,"column":8},"end":{"line":65,"column":95}}],"line":63},"2":{"loc":{"start":{"line":73,"column":4},"end":{"line":75,"column":95}},"type":"cond-expr","locations":[{"start":{"line":74,"column":8},"end":{"line":74,"column":107}},{"start":{"line":75,"column":8},"end":{"line":75,"column":95}}],"line":73}},"s":{"0":0,"1":0,"2":0,"3":0,"4":0,"5":0,"6":0,"7":0,"8":0,"9":0,"10":0,"11":0,"12":0},"f":{"0":0,"1":0,"2":0,"3":0,"4":0,"5":0,"6":0},"b":{"0":[0,0],"1":[0,0],"2":[0,0]},"hash":"391f037411062cc0557a3a2627d2a885b3640ffa"}
,"C:\\Users\\orenk\\Desktop\\Netcraft\\projects\\tracker\\tracker\\src\\view\\Dashbord\\TaskCreation\\TaskUrgencySelect.jsx": {"path":"C:\\Users\\orenk\\Desktop\\Netcraft\\projects\\tracker\\tracker\\src\\view\\Dashbord\\TaskCreation\\TaskUrgencySelect.jsx","statementMap":{"0":{"start":{"line":6,"column":26},"end":{"line":20,"column":1}},"1":{"start":{"line":7,"column":2},"end":{"line":19,"column":4}},"2":{"start":{"line":9,"column":33},"end":{"line":9,"column":50}},"3":{"start":{"line":12,"column":37},"end":{"line":12,"column":58}},"4":{"start":{"line":15,"column":34},"end":{"line":15,"column":52}},"5":{"start":{"line":24,"column":29},"end":{"line":34,"column":1}},"6":{"start":{"line":36,"column":27},"end":{"line":46,"column":1}},"7":{"start":{"line":48,"column":19},"end":{"line":57,"column":1}},"8":{"start":{"line":52,"column":4},"end":{"line":54,"column":95}},"9":{"start":{"line":59,"column":23},"end":{"line":68,"column":1}},"10":{"start":{"line":63,"column":4},"end":{"line":65,"column":95}},"11":{"start":{"line":69,"column":20},"end":{"line":78,"column":1}},"12":{"start":{"line":73,"column":4},"end":{"line":75,"column":95}}},"fnMap":{"0":{"name":"(anonymous_0)","decl":{"start":{"line":6,"column":26},"end":{"line":6,"column":27}},"loc":{"start":{"line":6,"column":55},"end":{"line":20,"column":1}},"line":6},"1":{"name":"(anonymous_1)","decl":{"start":{"line":9,"column":27},"end":{"line":9,"column":28}},"loc":{"start":{"line":9,"column":33},"end":{"line":9,"column":50}},"line":9},"2":{"name":"(anonymous_2)","decl":{"start":{"line":12,"column":31},"end":{"line":12,"column":32}},"loc":{"start":{"line":12,"column":37},"end":{"line":12,"column":58}},"line":12},"3":{"name":"(anonymous_3)","decl":{"start":{"line":15,"column":28},"end":{"line":15,"column":29}},"loc":{"start":{"line":15,"column":34},"end":{"line":15,"column":52}},"line":15},"4":{"name":"(anonymous_4)","decl":{"start":{"line":51,"column":16},"end":{"line":51,"column":17}},"loc":{"start":{"line":52,"column":4},"end":{"line":54,"column":95}},"line":52},"5":{"name":"(anonymous_5)","decl":{"start":{"line":62,"column":16},"end":{"line":62,"column":17}},"loc":{"start":{"line":63,"column":4},"end":{"line":65,"column":95}},"line":63},"6":{"name":"(anonymous_6)","decl":{"start":{"line":72,"column":16},"end":{"line":72,"column":17}},"loc":{"start":{"line":73,"column":4},"end":{"line":75,"column":95}},"line":73}},"branchMap":{"0":{"loc":{"start":{"line":52,"column":4},"end":{"line":54,"column":95}},"type":"cond-expr","locations":[{"start":{"line":53,"column":8},"end":{"line":53,"column":107}},{"start":{"line":54,"column":8},"end":{"line":54,"column":95}}],"line":52},"1":{"loc":{"start":{"line":63,"column":4},"end":{"line":65,"column":95}},"type":"cond-expr","locations":[{"start":{"line":64,"column":8},"end":{"line":64,"column":107}},{"start":{"line":65,"column":8},"end":{"line":65,"column":95}}],"line":63},"2":{"loc":{"start":{"line":73,"column":4},"end":{"line":75,"column":95}},"type":"cond-expr","locations":[{"start":{"line":74,"column":8},"end":{"line":74,"column":107}},{"start":{"line":75,"column":8},"end":{"line":75,"column":95}}],"line":73}},"s":{"0":0,"1":0,"2":0,"3":0,"4":0,"5":0,"6":0,"7":0,"8":0,"9":0,"10":0,"11":0,"12":0},"f":{"0":0,"1":0,"2":0,"3":0,"4":0,"5":0,"6":0},"b":{"0":[0,0],"1":[0,0],"2":[0,0]},"hash":"aefdfe1fc3097cc82cb8290ea0951d484ef002e5"}
,"C:\\Users\\orenk\\Desktop\\Netcraft\\projects\\tracker\\tracker\\src\\view\\Login\\Login.jsx": {"path":"C:\\Users\\orenk\\Desktop\\Netcraft\\projects\\tracker\\tracker\\src\\view\\Login\\Login.jsx","statementMap":{"0":{"start":{"line":12,"column":14},"end":{"line":110,"column":1}},"1":{"start":{"line":13,"column":19},"end":{"line":13,"column":62}},"2":{"start":{"line":13,"column":40},"end":{"line":13,"column":61}},"3":{"start":{"line":14,"column":19},"end":{"line":14,"column":32}},"4":{"start":{"line":16,"column":26},"end":{"line":16,"column":55}},"5":{"start":{"line":17,"column":2},"end":{"line":17,"column":50}},"6":{"start":{"line":19,"column":2},"end":{"line":49,"column":3}},"7":{"start":{"line":28,"column":28},"end":{"line":48,"column":8}},"8":{"start":{"line":41,"column":27},"end":{"line":44,"column":8}},"9":{"start":{"line":46,"column":6},"end":{"line":46,"column":44}},"10":{"start":{"line":47,"column":6},"end":{"line":47,"column":45}},"11":{"start":{"line":51,"column":19},"end":{"line":74,"column":3}},"12":{"start":{"line":52,"column":4},"end":{"line":52,"column":23}},"13":{"start":{"line":53,"column":21},"end":{"line":53,"column":38}},"14":{"start":{"line":54,"column":25},"end":{"line":54,"column":42}},"15":{"start":{"line":56,"column":4},"end":{"line":73,"column":5}},"16":{"start":{"line":62,"column":27},"end":{"line":67,"column":8}},"17":{"start":{"line":69,"column":6},"end":{"line":69,"column":44}},"18":{"start":{"line":70,"column":6},"end":{"line":70,"column":45}},"19":{"start":{"line":72,"column":6},"end":{"line":72,"column":25}},"20":{"start":{"line":75,"column":23},"end":{"line":85,"column":3}},"21":{"start":{"line":76,"column":4},"end":{"line":76,"column":23}},"22":{"start":{"line":77,"column":25},"end":{"line":82,"column":6}},"23":{"start":{"line":83,"column":4},"end":{"line":83,"column":42}},"24":{"start":{"line":84,"column":4},"end":{"line":84,"column":43}},"25":{"start":{"line":87,"column":2},"end":{"line":109,"column":4}},"26":{"start":{"line":114,"column":16},"end":{"line":122,"column":1}},"27":{"start":{"line":124,"column":15},"end":{"line":132,"column":1}},"28":{"start":{"line":134,"column":18},"end":{"line":147,"column":1}},"29":{"start":{"line":149,"column":16},"end":{"line":154,"column":1}},"30":{"start":{"line":156,"column":19},"end":{"line":176,"column":1}},"31":{"start":{"line":177,"column":22},"end":{"line":179,"column":1}},"32":{"start":{"line":181,"column":20},"end":{"line":192,"column":1}},"33":{"start":{"line":194,"column":21},"end":{"line":194,"column":42}},"34":{"start":{"line":195,"column":20},"end":{"line":195,"column":41}},"35":{"start":{"line":197,"column":19},"end":{"line":203,"column":1}}},"fnMap":{"0":{"name":"(anonymous_0)","decl":{"start":{"line":12,"column":14},"end":{"line":12,"column":15}},"loc":{"start":{"line":12,"column":20},"end":{"line":110,"column":1}},"line":12},"1":{"name":"(anonymous_1)","decl":{"start":{"line":13,"column":31},"end":{"line":13,"column":32}},"loc":{"start":{"line":13,"column":40},"end":{"line":13,"column":61}},"line":13},"2":{"name":"(anonymous_2)","decl":{"start":{"line":28,"column":29},"end":{"line":28,"column":30}},"loc":{"start":{"line":28,"column":41},"end":{"line":48,"column":5}},"line":28},"3":{"name":"(anonymous_3)","decl":{"start":{"line":51,"column":19},"end":{"line":51,"column":20}},"loc":{"start":{"line":51,"column":30},"end":{"line":74,"column":3}},"line":51},"4":{"name":"(anonymous_4)","decl":{"start":{"line":75,"column":23},"end":{"line":75,"column":24}},"loc":{"start":{"line":75,"column":34},"end":{"line":85,"column":3}},"line":75}},"branchMap":{"0":{"loc":{"start":{"line":19,"column":2},"end":{"line":49,"column":3}},"type":"if","locations":[{"start":{"line":19,"column":2},"end":{"line":49,"column":3}},{"start":{"line":19,"column":2},"end":{"line":49,"column":3}}],"line":19},"1":{"loc":{"start":{"line":89,"column":7},"end":{"line":89,"column":61}},"type":"binary-expr","locations":[{"start":{"line":89,"column":7},"end":{"line":89,"column":24}},{"start":{"line":89,"column":28},"end":{"line":89,"column":61}}],"line":89}},"s":{"0":0,"1":0,"2":0,"3":0,"4":0,"5":0,"6":0,"7":0,"8":0,"9":0,"10":0,"11":0,"12":0,"13":0,"14":0,"15":0,"16":0,"17":0,"18":0,"19":0,"20":0,"21":0,"22":0,"23":0,"24":0,"25":0,"26":0,"27":0,"28":0,"29":0,"30":0,"31":0,"32":0,"33":0,"34":0,"35":0},"f":{"0":0,"1":0,"2":0,"3":0,"4":0},"b":{"0":[0,0],"1":[0,0]},"hash":"d6a4929af7aec5dcc4dd5db1806a46a93d36c2c8"}
,"C:\\Users\\orenk\\Desktop\\Netcraft\\projects\\tracker\\tracker\\src\\view\\SignUp\\SignUp.jsx": {"path":"C:\\Users\\orenk\\Desktop\\Netcraft\\projects\\tracker\\tracker\\src\\view\\SignUp\\SignUp.jsx","statementMap":{"0":{"start":{"line":11,"column":15},"end":{"line":142,"column":1}},"1":{"start":{"line":12,"column":48},"end":{"line":12,"column":60}},"2":{"start":{"line":13,"column":34},"end":{"line":13,"column":49}},"3":{"start":{"line":14,"column":38},"end":{"line":14,"column":50}},"4":{"start":{"line":15,"column":30},"end":{"line":15,"column":42}},"5":{"start":{"line":17,"column":21},"end":{"line":26,"column":3}},"6":{"start":{"line":18,"column":4},"end":{"line":22,"column":5}},"7":{"start":{"line":19,"column":6},"end":{"line":19,"column":31}},"8":{"start":{"line":20,"column":11},"end":{"line":22,"column":5}},"9":{"start":{"line":21,"column":6},"end":{"line":21,"column":31}},"10":{"start":{"line":23,"column":4},"end":{"line":25,"column":5}},"11":{"start":{"line":24,"column":6},"end":{"line":24,"column":24}},"12":{"start":{"line":30,"column":23},"end":{"line":32,"column":3}},"13":{"start":{"line":31,"column":4},"end":{"line":31,"column":67}},"14":{"start":{"line":34,"column":19},"end":{"line":108,"column":3}},"15":{"start":{"line":35,"column":4},"end":{"line":35,"column":23}},"16":{"start":{"line":36,"column":21},"end":{"line":36,"column":38}},"17":{"start":{"line":37,"column":22},"end":{"line":37,"column":39}},"18":{"start":{"line":38,"column":25},"end":{"line":38,"column":42}},"19":{"start":{"line":39,"column":28},"end":{"line":39,"column":45}},"20":{"start":{"line":41,"column":4},"end":{"line":107,"column":5}},"21":{"start":{"line":42,"column":6},"end":{"line":42,"column":51}},"22":{"start":{"line":44,"column":6},"end":{"line":106,"column":7}},"23":{"start":{"line":45,"column":31},"end":{"line":45,"column":55}},"24":{"start":{"line":46,"column":30},"end":{"line":46,"column":77}},"25":{"start":{"line":48,"column":31},"end":{"line":48,"column":60}},"26":{"start":{"line":49,"column":28},"end":{"line":49,"column":56}},"27":{"start":{"line":51,"column":29},"end":{"line":82,"column":9}},"28":{"start":{"line":84,"column":29},"end":{"line":88,"column":10}},"29":{"start":{"line":90,"column":8},"end":{"line":90,"column":50}},"30":{"start":{"line":103,"column":8},"end":{"line":103,"column":26}},"31":{"start":{"line":105,"column":8},"end":{"line":105,"column":38}},"32":{"start":{"line":110,"column":2},"end":{"line":141,"column":4}},"33":{"start":{"line":126,"column":25},"end":{"line":126,"column":59}},"34":{"start":{"line":146,"column":16},"end":{"line":150,"column":1}},"35":{"start":{"line":152,"column":15},"end":{"line":162,"column":1}},"36":{"start":{"line":164,"column":24},"end":{"line":173,"column":1}},"37":{"start":{"line":175,"column":22},"end":{"line":190,"column":1}},"38":{"start":{"line":184,"column":35},"end":{"line":184,"column":54}},"39":{"start":{"line":192,"column":17},"end":{"line":212,"column":1}},"40":{"start":{"line":214,"column":18},"end":{"line":214,"column":36}},"41":{"start":{"line":215,"column":21},"end":{"line":215,"column":39}},"42":{"start":{"line":216,"column":24},"end":{"line":218,"column":1}},"43":{"start":{"line":217,"column":42},"end":{"line":217,"column":52}},"44":{"start":{"line":219,"column":21},"end":{"line":231,"column":1}}},"fnMap":{"0":{"name":"(anonymous_0)","decl":{"start":{"line":11,"column":15},"end":{"line":11,"column":16}},"loc":{"start":{"line":11,"column":21},"end":{"line":142,"column":1}},"line":11},"1":{"name":"(anonymous_1)","decl":{"start":{"line":17,"column":21},"end":{"line":17,"column":22}},"loc":{"start":{"line":17,"column":26},"end":{"line":26,"column":3}},"line":17},"2":{"name":"(anonymous_2)","decl":{"start":{"line":30,"column":23},"end":{"line":30,"column":24}},"loc":{"start":{"line":30,"column":28},"end":{"line":32,"column":3}},"line":30},"3":{"name":"(anonymous_3)","decl":{"start":{"line":34,"column":19},"end":{"line":34,"column":20}},"loc":{"start":{"line":34,"column":30},"end":{"line":108,"column":3}},"line":34},"4":{"name":"(anonymous_4)","decl":{"start":{"line":126,"column":20},"end":{"line":126,"column":21}},"loc":{"start":{"line":126,"column":25},"end":{"line":126,"column":59}},"line":126},"5":{"name":"(anonymous_5)","decl":{"start":{"line":184,"column":16},"end":{"line":184,"column":17}},"loc":{"start":{"line":184,"column":35},"end":{"line":184,"column":54}},"line":184},"6":{"name":"(anonymous_6)","decl":{"start":{"line":217,"column":22},"end":{"line":217,"column":23}},"loc":{"start":{"line":217,"column":42},"end":{"line":217,"column":52}},"line":217}},"branchMap":{"0":{"loc":{"start":{"line":18,"column":4},"end":{"line":22,"column":5}},"type":"if","locations":[{"start":{"line":18,"column":4},"end":{"line":22,"column":5}},{"start":{"line":18,"column":4},"end":{"line":22,"column":5}}],"line":18},"1":{"loc":{"start":{"line":20,"column":11},"end":{"line":22,"column":5}},"type":"if","locations":[{"start":{"line":20,"column":11},"end":{"line":22,"column":5}},{"start":{"line":20,"column":11},"end":{"line":22,"column":5}}],"line":20},"2":{"loc":{"start":{"line":23,"column":4},"end":{"line":25,"column":5}},"type":"if","locations":[{"start":{"line":23,"column":4},"end":{"line":25,"column":5}},{"start":{"line":23,"column":4},"end":{"line":25,"column":5}}],"line":23},"3":{"loc":{"start":{"line":41,"column":4},"end":{"line":107,"column":5}},"type":"if","locations":[{"start":{"line":41,"column":4},"end":{"line":107,"column":5}},{"start":{"line":41,"column":4},"end":{"line":107,"column":5}}],"line":41},"4":{"loc":{"start":{"line":112,"column":7},"end":{"line":112,"column":43}},"type":"binary-expr","locations":[{"start":{"line":112,"column":7},"end":{"line":112,"column":15}},{"start":{"line":112,"column":19},"end":{"line":112,"column":43}}],"line":112}},"s":{"0":0,"1":0,"2":0,"3":0,"4":0,"5":0,"6":0,"7":0,"8":0,"9":0,"10":0,"11":0,"12":0,"13":0,"14":0,"15":0,"16":0,"17":0,"18":0,"19":0,"20":0,"21":0,"22":0,"23":0,"24":0,"25":0,"26":0,"27":0,"28":0,"29":0,"30":0,"31":0,"32":0,"33":0,"34":0,"35":0,"36":0,"37":0,"38":0,"39":0,"40":0,"41":0,"42":0,"43":0,"44":0},"f":{"0":0,"1":0,"2":0,"3":0,"4":0,"5":0,"6":0},"b":{"0":[0,0],"1":[0,0],"2":[0,0],"3":[0,0],"4":[0,0]},"hash":"01048fae1870a69da1b5ba2d59ccde4cb0752869"}
,"C:\\Users\\orenk\\Desktop\\Netcraft\\projects\\tracker\\tracker\\src\\view\\SignUp\\createDateSum.js": {"path":"C:\\Users\\orenk\\Desktop\\Netcraft\\projects\\tracker\\tracker\\src\\view\\SignUp\\createDateSum.js","statementMap":{"0":{"start":{"line":1,"column":22},"end":{"line":26,"column":1}},"1":{"start":{"line":2,"column":23},"end":{"line":2,"column":25}},"2":{"start":{"line":3,"column":2},"end":{"line":3,"column":34}},"3":{"start":{"line":4,"column":2},"end":{"line":9,"column":3}},"4":{"start":{"line":5,"column":29},"end":{"line":5,"column":47}},"5":{"start":{"line":6,"column":4},"end":{"line":6,"column":41}},"6":{"start":{"line":8,"column":4},"end":{"line":8,"column":29}},"7":{"start":{"line":11,"column":18},"end":{"line":11,"column":75}},"8":{"start":{"line":11,"column":49},"end":{"line":11,"column":75}},"9":{"start":{"line":13,"column":24},"end":{"line":13,"column":49}},"10":{"start":{"line":15,"column":21},"end":{"line":15,"column":37}},"11":{"start":{"line":16,"column":20},"end":{"line":16,"column":41}},"12":{"start":{"line":17,"column":18},"end":{"line":17,"column":43}},"13":{"start":{"line":19,"column":21},"end":{"line":19,"column":37}},"14":{"start":{"line":20,"column":20},"end":{"line":20,"column":41}},"15":{"start":{"line":21,"column":18},"end":{"line":21,"column":45}},"16":{"start":{"line":24,"column":28},"end":{"line":24,"column":45}},"17":{"start":{"line":25,"column":2},"end":{"line":25,"column":35}}},"fnMap":{"0":{"name":"(anonymous_0)","decl":{"start":{"line":1,"column":22},"end":{"line":1,"column":23}},"loc":{"start":{"line":1,"column":33},"end":{"line":26,"column":1}},"line":1},"1":{"name":"(anonymous_1)","decl":{"start":{"line":11,"column":18},"end":{"line":11,"column":19}},"loc":{"start":{"line":11,"column":49},"end":{"line":11,"column":75}},"line":11}},"branchMap":{"0":{"loc":{"start":{"line":4,"column":2},"end":{"line":9,"column":3}},"type":"if","locations":[{"start":{"line":4,"column":2},"end":{"line":9,"column":3}},{"start":{"line":4,"column":2},"end":{"line":9,"column":3}}],"line":4}},"s":{"0":1,"1":2,"2":2,"3":2,"4":1,"5":1,"6":1,"7":2,"8":4,"9":2,"10":2,"11":2,"12":2,"13":2,"14":2,"15":2,"16":2,"17":2},"f":{"0":2,"1":4},"b":{"0":[1,1]},"_coverageSchema":"43e27e138ebf9cfc5966b082cf9a028302ed4184","hash":"9260e358be2c97ae1527864541e39c739314ea5e"}
}
